#
# A fatal error has been detected by the Java Runtime Environment:
#
#  SIGSEGV (0xb) at pc=0x00007da7873bbe57, pid=12093, tid=12111
#
# JRE version: OpenJDK Runtime Environment (25.0+36) (build 25+36-3489)
# Java VM: OpenJDK 64-Bit Server VM (25+36-3489, mixed mode, sharing, tiered, compressed oops, compressed class ptrs, g1 gc, linux-amd64)
# Problematic frame:
# V  [libjvm.so+0x5bbe57]  LIRGenerator::do_If(If*)+0x77
#
# Core dump will be written. Default location: Core dumps may be processed with "/usr/share/apport/apport -p%p -s%s -c%c -d%d -P%P -u%u -g%g -F%F -- %E" (or dumping to /home/usuario-t/IdeaProjects/cine/core.12093)
#
# If you would like to submit a bug report, please visit:
#   https://bugreport.java.com/bugreport/crash.jsp
#

---------------  S U M M A R Y ------------

Command Line: -agentlib:jdwp=transport=dt_socket,address=127.0.0.1:37609,suspend=y,server=n -javaagent:/snap/intellij-idea-community/685/plugins/java/lib/rt/debugger-agent.jar=file:///tmp/capture11279881924625824219.props -Dkotlinx.coroutines.debug.enable.creation.stack.trace=false -Ddebugger.agent.enable.coroutines=true -Dkotlinx.coroutines.debug.enable.flows.stack.trace=true -Dkotlinx.coroutines.debug.enable.mutable.state.flows.stack.trace=true -Dfile.encoding=UTF-8 -Dsun.stdout.encoding=UTF-8 -Dsun.stderr.encoding=UTF-8 org.iesalixar.daw2.cine.CineApplication

Host: AMD Ryzen 5 3400G with Radeon Vega Graphics, 8 cores, 13G, Ubuntu 25.04
Time: Fri Jan 23 18:09:21 2026 CET elapsed time: 0.511525 seconds (0d 0h 0m 0s)

---------------  T H R E A D  ---------------

Current thread (0x00007da78011d4c0):  JavaThread "C1 CompilerThread0" daemon [_thread_in_native, id=12111, stack(0x00007da764db0000,0x00007da764eb0000) (1024K)]


Current CompileTask:
C1:511  598       3       sun.net.www.ParseUtil::encodePath (41 bytes)

Stack: [0x00007da764db0000,0x00007da764eb0000],  sp=0x00007da764eadc70,  free space=1015k
Native frames: (J=compiled Java code, j=interpreted, Vv=VM code, C=native code)
V  [libjvm.so+0x5bbe57]  LIRGenerator::do_If(If*)+0x77
V  [libjvm.so+0x5a50b0]  non-virtual thunk to LIRGenerator::block_do(BlockBegin*)+0xe0
V  [libjvm.so+0x5887a5]  BlockList::iterate_forward(BlockClosure*)+0x35
V  [libjvm.so+0x55f379]  Compilation::emit_lir()+0x1f9
V  [libjvm.so+0x55fd81]  Compilation::compile_java_method()+0x141
V  [libjvm.so+0x55ffea]  Compilation::compile_method()+0xea
V  [libjvm.so+0x5602b3]  Compilation::Compilation(AbstractCompiler*, ciEnv*, ciMethod*, int, BufferBlob*, bool, DirectiveSet*)+0x1e3
V  [libjvm.so+0x561146]  Compiler::compile_method(ciEnv*, ciMethod*, int, bool, DirectiveSet*)+0xb6
V  [libjvm.so+0x70d8e1]  CompileBroker::invoke_compiler_on_method(CompileTask*)+0x951
V  [libjvm.so+0x70eb28]  CompileBroker::compiler_thread_loop()+0x518
V  [libjvm.so+0xa09d78]  JavaThread::thread_main_inner() [clone .part.0]+0xb8
V  [libjvm.so+0x105ca5f]  Thread::call_run()+0x9f
V  [libjvm.so+0xe45c06]  thread_native_entry(Thread*)+0xd6
C  [libc.so.6+0xa27f1]

siginfo: si_signo: 11 (SIGSEGV), si_code: 128 (SI_KERNEL), si_addr: 0x0000000000000000

Registers:
RAX=0x64eade1000007da7, RBX=0x00007da72416a730, RCX=0x00007da72416d298, RDX=0x00007da7873bbde0
RSP=0x00007da764eadc70, RBP=0x00007da764eadd30, RSI=0x00007da72416a640, RDI=0x00007da764eade10
R8 =0x0000000000000000, R9 =0x00000000ffffffff, R10=0x0000000000000000, R11=0x00007da72416be30
R12=0x00007da764eade10, R13=0x00007da7883f6e78, R14=0x0000000000000000, R15=0x0000000000000000
RIP=0x00007da7873bbe57, EFLAGS=0x0000000000010202, CSGSFS=0x002b000000000033, ERR=0x0000000000000000
  TRAPNO=0x000000000000000d

XMM[0]=0x00007da764eade10 0x00007da72416a410
XMM[1]=0x0000000000000000 0x00007da764eade10
XMM[2]=0x0000000000000000 0x00007da764eade10
XMM[3]=0x0000000000000000 0x00007da788399b78
XMM[4]=0x00007da72416c9a8 0x00007da724165430
XMM[5]=0x0000000000000000 0x00007da78011d4c0
XMM[6]=0xffff000000000000 0xffff0000000000ff
XMM[7]=0x0000000000000000 0x0000000000000000
XMM[8]=0xe90000053897894d 0x00007da76fbcfb71
XMM[9]=0x0000000000000005 0x0000000000000005
XMM[10]=0x0000000000000002 0x0000000000000002
XMM[11]=0xffffffffffffffff 0xffffffffffffffff
XMM[12]=0x0000000000000001 0x0000000000000001
XMM[13]=0x0000000000000000 0x0000000000000000
XMM[14]=0x0000000000000000 0x0000000000000000
XMM[15]=0x0000000000000000 0x0000000000000000
  MXCSR=0x00001fa2


Register to memory mapping:

RAX=0x64eade1000007da7 is an unknown value
RBX=0x00007da72416a730 points into unknown readable memory: 0x00007da788395b18 | 18 5b 39 88 a7 7d 00 00
RCX=0x00007da72416d298 points into unknown readable memory: 0x00007da7882e2f08 | 08 2f 2e 88 a7 7d 00 00
RDX=0x00007da7873bbde0: <offset 0x00000000005bbde0> in /home/usuario-t/.jdks/openjdk-25/lib/server/libjvm.so at 0x00007da786e00000
RSP=0x00007da764eadc70 is pointing into the stack for thread: 0x00007da78011d4c0
RBP=0x00007da764eadd30 is pointing into the stack for thread: 0x00007da78011d4c0
RSI=0x00007da72416a640 points into unknown readable memory: 0x00007da7882e2110 | 10 21 2e 88 a7 7d 00 00
RDI=0x00007da764eade10 is pointing into the stack for thread: 0x00007da78011d4c0
R8 =0x0 is null
R9 =0x00000000ffffffff is an unknown value
R10=0x0 is null
R11=0x00007da72416be30 points into unknown readable memory: 0x0000000000000000 | 00 00 00 00 00 00 00 00
R12=0x00007da764eade10 is pointing into the stack for thread: 0x00007da78011d4c0
R13=0x00007da7883f6e78: <offset 0x00000000015f6e78> in /home/usuario-t/.jdks/openjdk-25/lib/server/libjvm.so at 0x00007da786e00000
R14=0x0 is null
R15=0x0 is null

Top of Stack: (sp=0x00007da764eadc70)
0x00007da764eadc70:   00007da764eadd80 00007da7801cc1e0   ...d.}.......}..
0x00007da764eadc80:   00007da764eadcb0 00007da764eade10   ...d.}.....d.}..
0x00007da764eadc90:   00007da72416cc50 00007da72416bd38   P..$.}..8..$.}..
0x00007da764eadca0:   00007da72416a410 00007da764eade10   ...$.}.....d.}..
0x00007da764eadcb0:   ffffffffffffffff 00007da7873afb00   ..........:..}..
0x00007da764eadcc0:   0000000000000000 00007da72416ca88   ...........$.}..
0x00007da764eadcd0:   00007da70000000a 00000000004c480b   .....}...HL.....
0x00007da764eadce0:   00007da72416d298 00000000000083b0   ...$.}..........
0x00007da764eadcf0:   0000000000000000 00007da787cf797d   ........}y...}..
0x00007da764eadd00:   00007da72416d328 00007da72416a730   (..$.}..0..$.}..
0x00007da764eadd10:   00007da764eade18 00007da764eae130   ...d.}..0..d.}..
0x00007da764eadd20:   0000000000000000 00007da764eade10   ...........d.}..
0x00007da764eadd30:   00007da764eadd70 00007da7873a50b0   p..d.}...P:..}..
0x00007da764eadd40:   0000000000000000 0000000000000018   ................
0x00007da764eadd50:   00007da764eade18 0000000000000040   ...d.}..@.......
0x00007da764eadd60:   00007da72416c368 00007da764eae04f   h..$.}..O..d.}..
0x00007da764eadd70:   00007da764eadda0 00007da7873887a5   ...d.}....8..}..
0x00007da764eadd80:   00007da764eae130 00007da764eaddc0   0..d.}.....d.}..
0x00007da764eadd90:   00007da7884068f1 00007da7884068f1   .h@..}...h@..}..
0x00007da764eadda0:   00007da764eadf20 00007da78735f379    ..d.}..y.5..}..
0x00007da764eaddb0:   00007da7883999f0 00007da788399b78   ..9..}..x.9..}..
0x00007da764eaddc0:   00007da7882e0000 0000000000000000   .....}..........
0x00007da764eaddd0:   0000000000000000 00007da72416c400   ...........$.}..
0x00007da764eadde0:   0000000000000000 00007da787fdff48   ........H....}..
0x00007da764eaddf0:   0000000000000000 0000000000000000   ................
0x00007da764eade00:   000000000000000a 00007da7873868e5   .........h8..}..
0x00007da764eade10:   00007da7883999f0 00007da788399b78   ..9..}..x.9..}..
0x00007da764eade20:   00007da764eae130 00007da7801cc1e0   0..d.}.......}..
0x00007da764eade30:   0000000200000000 00007da72416ca98   ...........$.}..
0x00007da764eade40:   0000000000000000 0000000200000000   ................
0x00007da764eade50:   00007da72416caa8 0000000000000000   ...$.}..........
0x00007da764eade60:   0000000200000000 00007da72416cab8   ...........$.}..

Instructions: (pc=0x00007da7873bbe57)
  0x00007da7873bbd57:   e9 a9 fd ff ff 0f 1f 40 00 31 d2 be 70 00 00 00
  0x00007da7873bbd67:   e8 e4 61 ed ff 48 89 c3 e9 76 fe ff ff 48 8d 05
  0x00007da7873bbd77:   bd da 00 01 be f7 01 00 00 48 8d 3d c1 b3 c5 00
  0x00007da7873bbd87:   48 8b 00 c6 00 58 e8 0e ac 19 00 66 0f 1f 44 00
  0x00007da7873bbd97:   00 b8 11 00 00 00 e9 65 fc ff ff b8 07 00 00 00
  0x00007da7873bbda7:   e9 5b fc ff ff b8 0f 00 00 00 e9 51 fc ff ff b8
  0x00007da7873bbdb7:   0c 00 00 00 e9 47 fc ff ff b8 0a 00 00 00 e9 3d
  0x00007da7873bbdc7:   fc ff ff b8 0b 00 00 00 e9 33 fc ff ff b8 06 00
  0x00007da7873bbdd7:   00 00 e9 29 fc ff ff 66 90 55 66 48 0f 6e cf 48
  0x00007da7873bbde7:   89 e5 41 57 41 56 41 55 41 54 49 89 fc 53 48 89
  0x00007da7873bbdf7:   f3 48 81 ec 98 00 00 00 48 8b 76 68 44 8b 73 70
  0x00007da7873bbe07:   4c 8d 2d 6a b0 03 01 48 8b 46 18 66 48 0f 6e c6
  0x00007da7873bbe17:   66 0f 6c c1 44 8b 78 0c 49 8b 45 00 0f 29 85 70
  0x00007da7873bbe27:   ff ff ff 48 c7 45 90 00 00 00 00 48 89 45 80 c6
  0x00007da7873bbe37:   45 88 00 e8 01 76 fe ff 48 8b 85 70 ff ff ff 48
  0x00007da7873bbe47:   8b 73 78 66 49 0f 6e d4 48 c7 45 c0 00 00 00 00
=>0x00007da7873bbe57:   48 8b 40 30 66 48 0f 6e c6 c6 45 b8 00 66 0f 6c
  0x00007da7873bbe67:   c2 48 89 45 80 49 8b 45 00 0f 29 45 a0 48 89 45
  0x00007da7873bbe77:   90 48 89 45 b0 48 85 f6 74 14 4c 89 e7 e8 b7 75
  0x00007da7873bbe87:   fe ff 48 8b 45 a0 48 8b 40 30 48 89 45 b0 49 8b
  0x00007da7873bbe97:   45 00 48 89 45 c0 41 83 ff 01 0f 84 51 05 00 00
  0x00007da7873bbea7:   48 8d 8d 70 ff ff ff 41 83 ef 01 48 89 cf 48 89
  0x00007da7873bbeb7:   8d 68 ff ff ff e8 3f 9e fe ff 41 83 ff 02 48 8b
  0x00007da7873bbec7:   8d 68 ff ff ff 4c 8d 7d a0 0f 86 80 05 00 00 80
  0x00007da7873bbed7:   79 18 00 0f 84 90 00 00 00 48 8b 41 10 83 e0 07
  0x00007da7873bbee7:   48 83 e8 03 48 a9 fd ff ff ff 75 7d 48 8b 41 20
  0x00007da7873bbef7:   48 89 85 58 ff ff ff f7 d0 a8 07 75 77 48 8b 41
  0x00007da7873bbf07:   08 48 89 8d 60 ff ff ff 48 89 85 68 ff ff ff 48
  0x00007da7873bbf17:   8b 01 48 8b 78 18 e8 3e 86 03 00 48 8b bd 68 ff
  0x00007da7873bbf27:   ff ff 0f b6 f0 e8 ff 85 fe ff 48 8b 8d 60 ff ff
  0x00007da7873bbf37:   ff 48 89 c2 48 89 41 20 48 8b 41 08 48 8b 71 10
  0x00007da7873bbf47:   48 89 8d 68 ff ff ff 48 8b b8 90 00 00 00 e8 46


Stack slot to memory mapping:

stack at sp + 0 slots: 0x00007da764eadd80 is pointing into the stack for thread: 0x00007da78011d4c0
stack at sp + 1 slots: 0x00007da7801cc1e0 points into unknown readable memory: 0x00007da78839b708 | 08 b7 39 88 a7 7d 00 00
stack at sp + 2 slots: 0x00007da764eadcb0 is pointing into the stack for thread: 0x00007da78011d4c0
stack at sp + 3 slots: 0x00007da764eade10 is pointing into the stack for thread: 0x00007da78011d4c0
stack at sp + 4 slots: 0x00007da72416cc50 points into unknown readable memory: 0x0000000000000000 | 00 00 00 00 00 00 00 00
stack at sp + 5 slots: 0x00007da72416bd38 points into unknown readable memory: 0x00007da788397ee0 | e0 7e 39 88 a7 7d 00 00
stack at sp + 6 slots: 0x00007da72416a410 points into unknown readable memory: 0x00007da788395d48 | 48 5d 39 88 a7 7d 00 00
stack at sp + 7 slots: 0x00007da764eade10 is pointing into the stack for thread: 0x00007da78011d4c0

Lock stack of current Java thread (top to bottom):


---------------  P R O C E S S  ---------------

Threads class SMR info:
_java_thread_list=0x00007da7280df920, length=15, elements={
0x00007da780031b40, 0x00007da780113dd0, 0x00007da780114fc0, 0x00007da780116b30,
0x00007da780118450, 0x00007da780119cd0, 0x00007da78011bad0, 0x00007da78011d4c0,
0x00007da780170530, 0x00007da780186190, 0x00007da71c001060, 0x00007da780192670,
0x00007da7801c7990, 0x00007da7801e4aa0, 0x00007da7280de480
}

Java Threads: ( => current thread )
  0x00007da780031b40 JavaThread "main"                              [_thread_in_vm, id=12094, stack(0x00007da786d00000,0x00007da786e00000) (1024K)]
  0x00007da780113dd0 JavaThread "Reference Handler"          daemon [_thread_blocked, id=12105, stack(0x00007da7843d6000,0x00007da7844d6000) (1024K)]
  0x00007da780114fc0 JavaThread "Finalizer"                  daemon [_thread_blocked, id=12106, stack(0x00007da7840b7000,0x00007da7841b7000) (1024K)]
  0x00007da780116b30 JavaThread "Signal Dispatcher"          daemon [_thread_blocked, id=12107, stack(0x00007da77ff00000,0x00007da780000000) (1024K)]
  0x00007da780118450 JavaThread "Service Thread"             daemon [_thread_blocked, id=12108, stack(0x00007da7650b0000,0x00007da7651b0000) (1024K)]
  0x00007da780119cd0 JavaThread "Monitor Deflation Thread"   daemon [_thread_blocked, id=12109, stack(0x00007da764fb0000,0x00007da7650b0000) (1024K)]
  0x00007da78011bad0 JavaThread "C2 CompilerThread0"         daemon [_thread_blocked, id=12110, stack(0x00007da764eb0000,0x00007da764fb0000) (1024K)]
=>0x00007da78011d4c0 JavaThread "C1 CompilerThread0"         daemon [_thread_in_native, id=12111, stack(0x00007da764db0000,0x00007da764eb0000) (1024K)]
  0x00007da780170530 JavaThread "JDWP Transport Listener: dt_socket" daemon [_thread_in_native, id=12116, stack(0x00007da764cb0000,0x00007da764db0000) (1024K)]
  0x00007da780186190 JavaThread "JDWP Event Helper Thread"   daemon [_thread_in_native, id=12118, stack(0x00007da764aff000,0x00007da764bff000) (1024K)]
  0x00007da71c001060 JavaThread "JDWP Command Reader"        daemon [_thread_in_native, id=12120, stack(0x00007da7649ff000,0x00007da764aff000) (1024K)]
  0x00007da780192670 JavaThread "Common-Cleaner"             daemon [_thread_blocked, id=12122, stack(0x00007da7648ff000,0x00007da7649ff000) (1024K)]
  0x00007da7801c7990 JavaThread "IntelliJ Suspend Helper"    daemon [_thread_blocked, id=12123, stack(0x00007da7646a2000,0x00007da7647a2000) (1024K)]
  0x00007da7801e4aa0 JavaThread "Notification Thread"        daemon [_thread_blocked, id=12124, stack(0x00007da7647ff000,0x00007da7648ff000) (1024K)]
  0x00007da7280de480 JavaThread "C2 CompilerThread1"         daemon [_thread_blocked, id=12125, stack(0x00007da7645a2000,0x00007da7646a2000) (1024K)]
Total: 15

Other Threads:
  0x00007da78010b160 VMThread "VM Thread"                           [id=12104, stack(0x00007da7842d5000,0x00007da7843d5000) (1024K)]
  0x00007da7800fab30 WatcherThread "VM Periodic Task Thread"        [id=12103, stack(0x00007da7844d7000,0x00007da7845d7000) (1024K)]
  0x00007da780091120 WorkerThread "GC Thread#0"                     [id=12095, stack(0x00007da7851e4000,0x00007da7852e4000) (1024K)]
  0x00007da7800a63a0 ConcurrentGCThread "G1 Main Marker"            [id=12096, stack(0x00007da7850e3000,0x00007da7851e3000) (1024K)]
  0x00007da7800a7570 WorkerThread "G1 Conc#0"                       [id=12097, stack(0x00007da784fe2000,0x00007da7850e2000) (1024K)]
  0x00007da7800eb300 ConcurrentGCThread "G1 Refine#0"               [id=12098, stack(0x00007da7846d9000,0x00007da7847d9000) (1024K)]
  0x00007da7800ec4f0 ConcurrentGCThread "G1 Service"                [id=12099, stack(0x00007da7845d8000,0x00007da7846d8000) (1024K)]
Total: 7

Threads with active compile tasks:
C1 CompilerThread0  521  598       3       sun.net.www.ParseUtil::encodePath (41 bytes)
Total: 1

VM state: not at safepoint (normal execution)

VM Mutex/Monitor currently owned by a thread:  ([mutex/lock_event])
[0x00007da7884392a8] Metaspace_lock - owner thread: 0x00007da780031b40

Heap address: 0x000000072ec00000, size: 3348 MB, Compressed Oops mode: Zero based, Oop shift amount: 3

CDS archive(s) mapped at: [0x000000005b000000-0x000000005bd8c000-0x000000005bd8c000), size 14204928, SharedBaseAddress: 0x000000005b000000, ArchiveRelocationMode: 1.
Compressed class space mapped at: 0x000000005c000000-0x000000009c000000, reserved size: 1073741824
UseCompressedClassPointers 1, UseCompactObjectHeaders 0
Narrow klass pointer bits 32, Max shift 3
Narrow klass base: 0x000000005b000000, Narrow klass shift: 0
Encoding Range: [0x000000005b000000 - 0x000000015b000000), (4294967296 bytes)
Klass Range:    [0x000000005b001000 - 0x000000009c000000), (1090514944 bytes)
Klass ID Range:  [4096 - 1090519033) (1090514937)
Protection zone: [0x000000005b000000 - 0x000000005b001000), (4096 bytes)

GC Precious Log:
 CardTable entry size: 512
 Card Set container configuration: InlinePtr #cards 4 size 8 Array Of Cards #cards 16 size 48 Howl #buckets 8 coarsen threshold 3686 Howl Bitmap #cards 512 size 80 coarsen threshold 460 Card regions per heap region 1 cards per card region 4096
 CPUs: 8 total, 8 available
 Memory: 13391M
 Large Page Support: Disabled
 NUMA Support: Disabled
 Compressed Oops: Enabled (Zero based)
 Heap Region Size: 2M
 Heap Min Capacity: 8M
 Heap Initial Capacity: 210M
 Heap Max Capacity: 3348M
 Pre-touch: Disabled
 Parallel Workers: 8
 Concurrent Workers: 2
 Concurrent Refinement Workers: 8
 Periodic GC: Disabled

Heap:
 garbage-first heap   total reserved 3428352K, committed 217088K, used 17539K [0x000000072ec00000, 0x0000000800000000)
  region size 2048K, 9 young (18432K), 0 survivors (0K)

Heap Regions: E=young(eden), S=young(survivor), O=old, HS=humongous(starts), HC=humongous(continues), CS=collection set, F=free, TAMS=top-at-mark-start, PB=parsable bottom
|   0|0x000000072ec00000, 0x000000072ec00000, 0x000000072ee00000|  0%| F|  |TAMS 0x000000072ec00000| PB 0x000000072ec00000| Untracked |  0
|   1|0x000000072ee00000, 0x000000072ee00000, 0x000000072f000000|  0%| F|  |TAMS 0x000000072ee00000| PB 0x000000072ee00000| Untracked |  0
|   2|0x000000072f000000, 0x000000072f000000, 0x000000072f200000|  0%| F|  |TAMS 0x000000072f000000| PB 0x000000072f000000| Untracked |  0
|   3|0x000000072f200000, 0x000000072f200000, 0x000000072f400000|  0%| F|  |TAMS 0x000000072f200000| PB 0x000000072f200000| Untracked |  0
|   4|0x000000072f400000, 0x000000072f400000, 0x000000072f600000|  0%| F|  |TAMS 0x000000072f400000| PB 0x000000072f400000| Untracked |  0
|   5|0x000000072f600000, 0x000000072f600000, 0x000000072f800000|  0%| F|  |TAMS 0x000000072f600000| PB 0x000000072f600000| Untracked |  0
|   6|0x000000072f800000, 0x000000072f800000, 0x000000072fa00000|  0%| F|  |TAMS 0x000000072f800000| PB 0x000000072f800000| Untracked |  0
|   7|0x000000072fa00000, 0x000000072fa00000, 0x000000072fc00000|  0%| F|  |TAMS 0x000000072fa00000| PB 0x000000072fa00000| Untracked |  0
|   8|0x000000072fc00000, 0x000000072fc00000, 0x000000072fe00000|  0%| F|  |TAMS 0x000000072fc00000| PB 0x000000072fc00000| Untracked |  0
|   9|0x000000072fe00000, 0x000000072fe00000, 0x0000000730000000|  0%| F|  |TAMS 0x000000072fe00000| PB 0x000000072fe00000| Untracked |  0
|  10|0x0000000730000000, 0x0000000730000000, 0x0000000730200000|  0%| F|  |TAMS 0x0000000730000000| PB 0x0000000730000000| Untracked |  0
|  11|0x0000000730200000, 0x0000000730200000, 0x0000000730400000|  0%| F|  |TAMS 0x0000000730200000| PB 0x0000000730200000| Untracked |  0
|  12|0x0000000730400000, 0x0000000730400000, 0x0000000730600000|  0%| F|  |TAMS 0x0000000730400000| PB 0x0000000730400000| Untracked |  0
|  13|0x0000000730600000, 0x0000000730600000, 0x0000000730800000|  0%| F|  |TAMS 0x0000000730600000| PB 0x0000000730600000| Untracked |  0
|  14|0x0000000730800000, 0x0000000730800000, 0x0000000730a00000|  0%| F|  |TAMS 0x0000000730800000| PB 0x0000000730800000| Untracked |  0
|  15|0x0000000730a00000, 0x0000000730a00000, 0x0000000730c00000|  0%| F|  |TAMS 0x0000000730a00000| PB 0x0000000730a00000| Untracked |  0
|  16|0x0000000730c00000, 0x0000000730c00000, 0x0000000730e00000|  0%| F|  |TAMS 0x0000000730c00000| PB 0x0000000730c00000| Untracked |  0
|  17|0x0000000730e00000, 0x0000000730e00000, 0x0000000731000000|  0%| F|  |TAMS 0x0000000730e00000| PB 0x0000000730e00000| Untracked |  0
|  18|0x0000000731000000, 0x0000000731000000, 0x0000000731200000|  0%| F|  |TAMS 0x0000000731000000| PB 0x0000000731000000| Untracked |  0
|  19|0x0000000731200000, 0x0000000731200000, 0x0000000731400000|  0%| F|  |TAMS 0x0000000731200000| PB 0x0000000731200000| Untracked |  0
|  20|0x0000000731400000, 0x0000000731400000, 0x0000000731600000|  0%| F|  |TAMS 0x0000000731400000| PB 0x0000000731400000| Untracked |  0
|  21|0x0000000731600000, 0x0000000731600000, 0x0000000731800000|  0%| F|  |TAMS 0x0000000731600000| PB 0x0000000731600000| Untracked |  0
|  22|0x0000000731800000, 0x0000000731800000, 0x0000000731a00000|  0%| F|  |TAMS 0x0000000731800000| PB 0x0000000731800000| Untracked |  0
|  23|0x0000000731a00000, 0x0000000731a00000, 0x0000000731c00000|  0%| F|  |TAMS 0x0000000731a00000| PB 0x0000000731a00000| Untracked |  0
|  24|0x0000000731c00000, 0x0000000731c00000, 0x0000000731e00000|  0%| F|  |TAMS 0x0000000731c00000| PB 0x0000000731c00000| Untracked |  0
|  25|0x0000000731e00000, 0x0000000731e00000, 0x0000000732000000|  0%| F|  |TAMS 0x0000000731e00000| PB 0x0000000731e00000| Untracked |  0
|  26|0x0000000732000000, 0x0000000732000000, 0x0000000732200000|  0%| F|  |TAMS 0x0000000732000000| PB 0x0000000732000000| Untracked |  0
|  27|0x0000000732200000, 0x0000000732200000, 0x0000000732400000|  0%| F|  |TAMS 0x0000000732200000| PB 0x0000000732200000| Untracked |  0
|  28|0x0000000732400000, 0x0000000732400000, 0x0000000732600000|  0%| F|  |TAMS 0x0000000732400000| PB 0x0000000732400000| Untracked |  0
|  29|0x0000000732600000, 0x0000000732600000, 0x0000000732800000|  0%| F|  |TAMS 0x0000000732600000| PB 0x0000000732600000| Untracked |  0
|  30|0x0000000732800000, 0x0000000732800000, 0x0000000732a00000|  0%| F|  |TAMS 0x0000000732800000| PB 0x0000000732800000| Untracked |  0
|  31|0x0000000732a00000, 0x0000000732a00000, 0x0000000732c00000|  0%| F|  |TAMS 0x0000000732a00000| PB 0x0000000732a00000| Untracked |  0
|  32|0x0000000732c00000, 0x0000000732c00000, 0x0000000732e00000|  0%| F|  |TAMS 0x0000000732c00000| PB 0x0000000732c00000| Untracked |  0
|  33|0x0000000732e00000, 0x0000000732e00000, 0x0000000733000000|  0%| F|  |TAMS 0x0000000732e00000| PB 0x0000000732e00000| Untracked |  0
|  34|0x0000000733000000, 0x0000000733000000, 0x0000000733200000|  0%| F|  |TAMS 0x0000000733000000| PB 0x0000000733000000| Untracked |  0
|  35|0x0000000733200000, 0x0000000733200000, 0x0000000733400000|  0%| F|  |TAMS 0x0000000733200000| PB 0x0000000733200000| Untracked |  0
|  36|0x0000000733400000, 0x0000000733400000, 0x0000000733600000|  0%| F|  |TAMS 0x0000000733400000| PB 0x0000000733400000| Untracked |  0
|  37|0x0000000733600000, 0x0000000733600000, 0x0000000733800000|  0%| F|  |TAMS 0x0000000733600000| PB 0x0000000733600000| Untracked |  0
|  38|0x0000000733800000, 0x0000000733800000, 0x0000000733a00000|  0%| F|  |TAMS 0x0000000733800000| PB 0x0000000733800000| Untracked |  0
|  39|0x0000000733a00000, 0x0000000733a00000, 0x0000000733c00000|  0%| F|  |TAMS 0x0000000733a00000| PB 0x0000000733a00000| Untracked |  0
|  40|0x0000000733c00000, 0x0000000733c00000, 0x0000000733e00000|  0%| F|  |TAMS 0x0000000733c00000| PB 0x0000000733c00000| Untracked |  0
|  41|0x0000000733e00000, 0x0000000733e00000, 0x0000000734000000|  0%| F|  |TAMS 0x0000000733e00000| PB 0x0000000733e00000| Untracked |  0
|  42|0x0000000734000000, 0x0000000734000000, 0x0000000734200000|  0%| F|  |TAMS 0x0000000734000000| PB 0x0000000734000000| Untracked |  0
|  43|0x0000000734200000, 0x0000000734200000, 0x0000000734400000|  0%| F|  |TAMS 0x0000000734200000| PB 0x0000000734200000| Untracked |  0
|  44|0x0000000734400000, 0x0000000734400000, 0x0000000734600000|  0%| F|  |TAMS 0x0000000734400000| PB 0x0000000734400000| Untracked |  0
|  45|0x0000000734600000, 0x0000000734600000, 0x0000000734800000|  0%| F|  |TAMS 0x0000000734600000| PB 0x0000000734600000| Untracked |  0
|  46|0x0000000734800000, 0x0000000734800000, 0x0000000734a00000|  0%| F|  |TAMS 0x0000000734800000| PB 0x0000000734800000| Untracked |  0
|  47|0x0000000734a00000, 0x0000000734a00000, 0x0000000734c00000|  0%| F|  |TAMS 0x0000000734a00000| PB 0x0000000734a00000| Untracked |  0
|  48|0x0000000734c00000, 0x0000000734c00000, 0x0000000734e00000|  0%| F|  |TAMS 0x0000000734c00000| PB 0x0000000734c00000| Untracked |  0
|  49|0x0000000734e00000, 0x0000000734e00000, 0x0000000735000000|  0%| F|  |TAMS 0x0000000734e00000| PB 0x0000000734e00000| Untracked |  0
|  50|0x0000000735000000, 0x0000000735000000, 0x0000000735200000|  0%| F|  |TAMS 0x0000000735000000| PB 0x0000000735000000| Untracked |  0
|  51|0x0000000735200000, 0x0000000735200000, 0x0000000735400000|  0%| F|  |TAMS 0x0000000735200000| PB 0x0000000735200000| Untracked |  0
|  52|0x0000000735400000, 0x0000000735400000, 0x0000000735600000|  0%| F|  |TAMS 0x0000000735400000| PB 0x0000000735400000| Untracked |  0
|  53|0x0000000735600000, 0x0000000735600000, 0x0000000735800000|  0%| F|  |TAMS 0x0000000735600000| PB 0x0000000735600000| Untracked |  0
|  54|0x0000000735800000, 0x0000000735800000, 0x0000000735a00000|  0%| F|  |TAMS 0x0000000735800000| PB 0x0000000735800000| Untracked |  0
|  55|0x0000000735a00000, 0x0000000735a00000, 0x0000000735c00000|  0%| F|  |TAMS 0x0000000735a00000| PB 0x0000000735a00000| Untracked |  0
|  56|0x0000000735c00000, 0x0000000735c00000, 0x0000000735e00000|  0%| F|  |TAMS 0x0000000735c00000| PB 0x0000000735c00000| Untracked |  0
|  57|0x0000000735e00000, 0x0000000735e00000, 0x0000000736000000|  0%| F|  |TAMS 0x0000000735e00000| PB 0x0000000735e00000| Untracked |  0
|  58|0x0000000736000000, 0x0000000736000000, 0x0000000736200000|  0%| F|  |TAMS 0x0000000736000000| PB 0x0000000736000000| Untracked |  0
|  59|0x0000000736200000, 0x0000000736200000, 0x0000000736400000|  0%| F|  |TAMS 0x0000000736200000| PB 0x0000000736200000| Untracked |  0
|  60|0x0000000736400000, 0x0000000736400000, 0x0000000736600000|  0%| F|  |TAMS 0x0000000736400000| PB 0x0000000736400000| Untracked |  0
|  61|0x0000000736600000, 0x0000000736600000, 0x0000000736800000|  0%| F|  |TAMS 0x0000000736600000| PB 0x0000000736600000| Untracked |  0
|  62|0x0000000736800000, 0x0000000736800000, 0x0000000736a00000|  0%| F|  |TAMS 0x0000000736800000| PB 0x0000000736800000| Untracked |  0
|  63|0x0000000736a00000, 0x0000000736a00000, 0x0000000736c00000|  0%| F|  |TAMS 0x0000000736a00000| PB 0x0000000736a00000| Untracked |  0
|  64|0x0000000736c00000, 0x0000000736c00000, 0x0000000736e00000|  0%| F|  |TAMS 0x0000000736c00000| PB 0x0000000736c00000| Untracked |  0
|  65|0x0000000736e00000, 0x0000000736e00000, 0x0000000737000000|  0%| F|  |TAMS 0x0000000736e00000| PB 0x0000000736e00000| Untracked |  0
|  66|0x0000000737000000, 0x0000000737000000, 0x0000000737200000|  0%| F|  |TAMS 0x0000000737000000| PB 0x0000000737000000| Untracked |  0
|  67|0x0000000737200000, 0x0000000737200000, 0x0000000737400000|  0%| F|  |TAMS 0x0000000737200000| PB 0x0000000737200000| Untracked |  0
|  68|0x0000000737400000, 0x0000000737400000, 0x0000000737600000|  0%| F|  |TAMS 0x0000000737400000| PB 0x0000000737400000| Untracked |  0
|  69|0x0000000737600000, 0x0000000737600000, 0x0000000737800000|  0%| F|  |TAMS 0x0000000737600000| PB 0x0000000737600000| Untracked |  0
|  70|0x0000000737800000, 0x0000000737800000, 0x0000000737a00000|  0%| F|  |TAMS 0x0000000737800000| PB 0x0000000737800000| Untracked |  0
|  71|0x0000000737a00000, 0x0000000737a00000, 0x0000000737c00000|  0%| F|  |TAMS 0x0000000737a00000| PB 0x0000000737a00000| Untracked |  0
|  72|0x0000000737c00000, 0x0000000737c00000, 0x0000000737e00000|  0%| F|  |TAMS 0x0000000737c00000| PB 0x0000000737c00000| Untracked |  0
|  73|0x0000000737e00000, 0x0000000737e00000, 0x0000000738000000|  0%| F|  |TAMS 0x0000000737e00000| PB 0x0000000737e00000| Untracked |  0
|  74|0x0000000738000000, 0x0000000738000000, 0x0000000738200000|  0%| F|  |TAMS 0x0000000738000000| PB 0x0000000738000000| Untracked |  0
|  75|0x0000000738200000, 0x0000000738200000, 0x0000000738400000|  0%| F|  |TAMS 0x0000000738200000| PB 0x0000000738200000| Untracked |  0
|  76|0x0000000738400000, 0x0000000738400000, 0x0000000738600000|  0%| F|  |TAMS 0x0000000738400000| PB 0x0000000738400000| Untracked |  0
|  77|0x0000000738600000, 0x0000000738600000, 0x0000000738800000|  0%| F|  |TAMS 0x0000000738600000| PB 0x0000000738600000| Untracked |  0
|  78|0x0000000738800000, 0x0000000738800000, 0x0000000738a00000|  0%| F|  |TAMS 0x0000000738800000| PB 0x0000000738800000| Untracked |  0
|  79|0x0000000738a00000, 0x0000000738a00000, 0x0000000738c00000|  0%| F|  |TAMS 0x0000000738a00000| PB 0x0000000738a00000| Untracked |  0
|  80|0x0000000738c00000, 0x0000000738c00000, 0x0000000738e00000|  0%| F|  |TAMS 0x0000000738c00000| PB 0x0000000738c00000| Untracked |  0
|  81|0x0000000738e00000, 0x0000000738e00000, 0x0000000739000000|  0%| F|  |TAMS 0x0000000738e00000| PB 0x0000000738e00000| Untracked |  0
|  82|0x0000000739000000, 0x0000000739000000, 0x0000000739200000|  0%| F|  |TAMS 0x0000000739000000| PB 0x0000000739000000| Untracked |  0
|  83|0x0000000739200000, 0x0000000739200000, 0x0000000739400000|  0%| F|  |TAMS 0x0000000739200000| PB 0x0000000739200000| Untracked |  0
|  84|0x0000000739400000, 0x0000000739400000, 0x0000000739600000|  0%| F|  |TAMS 0x0000000739400000| PB 0x0000000739400000| Untracked |  0
|  85|0x0000000739600000, 0x0000000739600000, 0x0000000739800000|  0%| F|  |TAMS 0x0000000739600000| PB 0x0000000739600000| Untracked |  0
|  86|0x0000000739800000, 0x0000000739800000, 0x0000000739a00000|  0%| F|  |TAMS 0x0000000739800000| PB 0x0000000739800000| Untracked |  0
|  87|0x0000000739a00000, 0x0000000739a00000, 0x0000000739c00000|  0%| F|  |TAMS 0x0000000739a00000| PB 0x0000000739a00000| Untracked |  0
|  88|0x0000000739c00000, 0x0000000739c00000, 0x0000000739e00000|  0%| F|  |TAMS 0x0000000739c00000| PB 0x0000000739c00000| Untracked |  0
|  89|0x0000000739e00000, 0x0000000739e00000, 0x000000073a000000|  0%| F|  |TAMS 0x0000000739e00000| PB 0x0000000739e00000| Untracked |  0
|  90|0x000000073a000000, 0x000000073a000000, 0x000000073a200000|  0%| F|  |TAMS 0x000000073a000000| PB 0x000000073a000000| Untracked |  0
|  91|0x000000073a200000, 0x000000073a200000, 0x000000073a400000|  0%| F|  |TAMS 0x000000073a200000| PB 0x000000073a200000| Untracked |  0
|  92|0x000000073a400000, 0x000000073a400000, 0x000000073a600000|  0%| F|  |TAMS 0x000000073a400000| PB 0x000000073a400000| Untracked |  0
|  93|0x000000073a600000, 0x000000073a600000, 0x000000073a800000|  0%| F|  |TAMS 0x000000073a600000| PB 0x000000073a600000| Untracked |  0
|  94|0x000000073a800000, 0x000000073a800000, 0x000000073aa00000|  0%| F|  |TAMS 0x000000073a800000| PB 0x000000073a800000| Untracked |  0
|  95|0x000000073aa00000, 0x000000073aa00000, 0x000000073ac00000|  0%| F|  |TAMS 0x000000073aa00000| PB 0x000000073aa00000| Untracked |  0
|  96|0x000000073ac00000, 0x000000073adecba8, 0x000000073ae00000| 96%| E|  |TAMS 0x000000073ac00000| PB 0x000000073ac00000| Complete |  0
|  97|0x000000073ae00000, 0x000000073b000000, 0x000000073b000000|100%| E|CS|TAMS 0x000000073ae00000| PB 0x000000073ae00000| Complete |  0
|  98|0x000000073b000000, 0x000000073b200000, 0x000000073b200000|100%| E|CS|TAMS 0x000000073b000000| PB 0x000000073b000000| Complete |  0
|  99|0x000000073b200000, 0x000000073b400000, 0x000000073b400000|100%| E|CS|TAMS 0x000000073b200000| PB 0x000000073b200000| Complete |  0
| 100|0x000000073b400000, 0x000000073b600000, 0x000000073b600000|100%| E|CS|TAMS 0x000000073b400000| PB 0x000000073b400000| Complete |  0
| 101|0x000000073b600000, 0x000000073b800000, 0x000000073b800000|100%| E|CS|TAMS 0x000000073b600000| PB 0x000000073b600000| Complete |  0
| 102|0x000000073b800000, 0x000000073ba00000, 0x000000073ba00000|100%| E|CS|TAMS 0x000000073b800000| PB 0x000000073b800000| Complete |  0
| 103|0x000000073ba00000, 0x000000073bc00000, 0x000000073bc00000|100%| E|CS|TAMS 0x000000073ba00000| PB 0x000000073ba00000| Complete |  0
| 104|0x000000073bc00000, 0x000000073be00000, 0x000000073be00000|100%| E|CS|TAMS 0x000000073bc00000| PB 0x000000073bc00000| Complete |  0
|1673|0x00000007ffe00000, 0x00000007fff20f88, 0x0000000800000000| 56%| O|  |TAMS 0x00000007ffe00000| PB 0x00000007ffe00000| Untracked |  0

Card table byte_map: [0x00007da7852e4000,0x00007da78596e000] _byte_map_base: 0x00007da78196e000

Marking Bits: (CMBitMap*) 0x00007da780091e70
 Bits: [0x00007da7651b0000, 0x00007da768600000)

Polling page: 0x00007da788937000

Metaspace:
Metaspace        used 5604K, committed 5760K, reserved 1114112K
 class space     used 418K, committed 512K, reserved 1048576K

Usage:
  Non-class:      5,06 MB used.
      Class:    418,15 KB used.
       Both:      5,47 MB used.

Virtual space:
  Non-class space:       64,00 MB reserved,       5,12 MB (  8%) committed,  1 nodes.
      Class space:        1,00 GB reserved,     512,00 KB ( <1%) committed,  1 nodes.
             Both:        1,06 GB reserved,       5,62 MB ( <1%) committed. 

Chunk freelists:
   Non-Class:  10,28 MB
       Class:  15,55 MB
        Both:  25,83 MB

MaxMetaspaceSize: unlimited
CompressedClassSpaceSize: 1,00 GB
Initial GC threshold: 21,00 MB
Current GC threshold: 21,00 MB
CDS: on
 - commit_granule_bytes: 65536.
 - commit_granule_words: 8192.
 - virtual_space_node_default_size: 8388608.
 - enlarge_chunks_in_place: 1.
UseCompressedClassPointers 1, UseCompactObjectHeaders 0
Narrow klass pointer bits 32, Max shift 3
Narrow klass base: 0x000000005b000000, Narrow klass shift: 0
Encoding Range: [0x000000005b000000 - 0x000000015b000000), (4294967296 bytes)
Klass Range:    [0x000000005b001000 - 0x000000009c000000), (1090514944 bytes)
Klass ID Range:  [4096 - 1090519033) (1090514937)
Protection zone: [0x000000005b000000 - 0x000000005b001000), (4096 bytes)


Internal statistics:

num_allocs_failed_limit: 0.
num_arena_births: 34.
num_arena_deaths: 0.
num_vsnodes_births: 2.
num_vsnodes_deaths: 0.
num_space_committed: 90.
num_space_uncommitted: 0.
num_chunks_returned_to_freelist: 0.
num_chunks_taken_from_freelist: 78.
num_chunk_merges: 0.
num_chunk_splits: 51.
num_chunks_enlarged: 33.
num_inconsistent_stats: 0.

CodeHeap 'non-profiled nmethods': size=120032Kb used=185Kb max_used=185Kb free=119846Kb
 bounds [0x00007da7700c8000, 0x00007da770338000, 0x00007da777600000]
CodeHeap 'profiled nmethods': size=120028Kb used=615Kb max_used=615Kb free=119412Kb
 bounds [0x00007da768600000, 0x00007da768870000, 0x00007da76fb37000]
CodeHeap 'non-nmethods': size=5700Kb used=1427Kb max_used=1451Kb free=4272Kb
 bounds [0x00007da76fb37000, 0x00007da76fda7000, 0x00007da7700c8000]
CodeCache: size=245760Kb, used=2227Kb, max_used=2251Kb, free=243530Kb
 total_blobs=1070, nmethods=617, adapters=358, full_count=0
Compilation: enabled, stopped_count=0, restarted_count=0

Compilation events (20 events):
Event: 0,426 Thread 0x00007da7280de480  589       4       java.util.concurrent.ConcurrentHashMap::tabAt (21 bytes)
Event: 0,426 Thread 0x00007da78011d4c0 nmethod 587 0x00007da768696a08 code [0x00007da768696b00, 0x00007da768696f90]
Event: 0,426 Thread 0x00007da78011d4c0  588       3       java.lang.Integer::numberOfLeadingZeros (79 bytes)
Event: 0,426 Thread 0x00007da78011d4c0 nmethod 588 0x00007da768697008 code [0x00007da768697100, 0x00007da768697380]
Event: 0,427 Thread 0x00007da78011d4c0  590       3       java.util.jar.JarFile::getEntry (35 bytes)
Event: 0,427 Thread 0x00007da7280de480 nmethod 589 0x00007da7700f0e88 code [0x00007da7700f0f80, 0x00007da7700f0ff8]
Event: 0,427 Thread 0x00007da78011d4c0 nmethod 590 0x00007da768697388 code [0x00007da768697480, 0x00007da768697950]
Event: 0,427 Thread 0x00007da78011d4c0  591   !   3       jdk.internal.loader.URLClassPath$JarLoader::getResource (39 bytes)
Event: 0,427 Thread 0x00007da7280de480  594       4       java.util.HashMap::getNode (150 bytes)
Event: 0,427 Thread 0x00007da78011d4c0 nmethod 591 0x00007da768697988 code [0x00007da768697a80, 0x00007da768697ff0]
Event: 0,427 Thread 0x00007da78011d4c0  592       3       java.util.jar.JarFile::getJarEntry (9 bytes)
Event: 0,427 Thread 0x00007da78011d4c0 nmethod 592 0x00007da768698008 code [0x00007da768698100, 0x00007da7686983a0]
Event: 0,427 Thread 0x00007da78011d4c0  593       3       java.util.LinkedHashMap::get (29 bytes)
Event: 0,428 Thread 0x00007da78011d4c0 nmethod 593 0x00007da768698408 code [0x00007da768698500, 0x00007da7686987d0]
Event: 0,429 Thread 0x00007da78011d4c0  595   !   3       java.util.jar.JarFile::checkForSpecialAttributes (163 bytes)
Event: 0,429 Thread 0x00007da78011d4c0 nmethod 595 0x00007da768698808 code [0x00007da768698900, 0x00007da768699b00]
Event: 0,430 Thread 0x00007da78011d4c0  597       3       java.io.FilterInputStream::<init> (10 bytes)
Event: 0,430 Thread 0x00007da78011d4c0 nmethod 597 0x00007da768699b88 code [0x00007da768699c80, 0x00007da768699ea8]
Event: 0,430 Thread 0x00007da78011d4c0  598       3       sun.net.www.ParseUtil::encodePath (41 bytes)
Event: 0,430 Thread 0x00007da7280de480 nmethod 594 0x00007da7700f1608 code [0x00007da7700f1700, 0x00007da7700f1b40]

GC Heap Usage History (0 events):
No events

Metaspace Usage History (0 events):
No events

Dll operation events (8 events):
Event: 0,004 Loaded shared library /home/usuario-t/.jdks/openjdk-25/lib/libjava.so
Event: 0,004 Loaded shared library /home/usuario-t/.jdks/openjdk-25/lib/libzip.so
Event: 0,028 Loaded shared library /home/usuario-t/.jdks/openjdk-25/lib/libsimdsort.so
Event: 0,155 Loaded shared library /home/usuario-t/.jdks/openjdk-25/lib/libinstrument.so
Event: 0,184 Loaded shared library /home/usuario-t/.jdks/openjdk-25/lib/libverify.so
Event: 0,239 Loaded shared library /home/usuario-t/.jdks/openjdk-25/lib/libnio.so
Event: 0,262 Loaded shared library /home/usuario-t/.jdks/openjdk-25/lib/libzip.so
Event: 0,378 Loaded shared library /home/usuario-t/.jdks/openjdk-25/lib/libjimage.so

Deoptimization events (20 events):
Event: 0,199 Thread 0x00007da780031b40 Uncommon trap: trap_request=0xffffffde fr.pc=0x00007da7700d6b58 relative=0x00000000000007d8
Event: 0,199 Thread 0x00007da780031b40 Uncommon trap: reason=class_check action=maybe_recompile pc=0x00007da7700d6b58 method=java.util.HashMap.putVal(ILjava/lang/Object;Ljava/lang/Object;ZZ)Ljava/lang/Object; @ 106 c2
Event: 0,199 Thread 0x00007da780031b40 DEOPT PACKING pc=0x00007da7700d6b58 sp=0x00007da786dfa540
Event: 0,199 Thread 0x00007da780031b40 DEOPT UNPACKING pc=0x00007da76fc657f9 sp=0x00007da786dfa4f8 mode 2
Event: 0,199 Thread 0x00007da780031b40 Uncommon trap: trap_request=0xffffffde fr.pc=0x00007da7700d6b58 relative=0x00000000000007d8
Event: 0,199 Thread 0x00007da780031b40 Uncommon trap: reason=class_check action=maybe_recompile pc=0x00007da7700d6b58 method=java.util.HashMap.putVal(ILjava/lang/Object;Ljava/lang/Object;ZZ)Ljava/lang/Object; @ 106 c2
Event: 0,199 Thread 0x00007da780031b40 DEOPT PACKING pc=0x00007da7700d6b58 sp=0x00007da786dfa540
Event: 0,199 Thread 0x00007da780031b40 DEOPT UNPACKING pc=0x00007da76fc657f9 sp=0x00007da786dfa4f8 mode 2
Event: 0,283 Thread 0x00007da780031b40 DEOPT PACKING pc=0x00007da768642300 sp=0x00007da786dfd820
Event: 0,283 Thread 0x00007da780031b40 DEOPT UNPACKING pc=0x00007da76fb87fef sp=0x00007da786dfccc8 mode 0
Event: 0,397 Thread 0x00007da780031b40 DEOPT PACKING pc=0x00007da768603aaa sp=0x00007da786dfd2e0
Event: 0,397 Thread 0x00007da780031b40 DEOPT UNPACKING pc=0x00007da76fb87fef sp=0x00007da786dfc760 mode 0
Event: 0,413 Thread 0x00007da780031b40 Uncommon trap: trap_request=0xffffff45 fr.pc=0x00007da7700e4498 relative=0x0000000000000198
Event: 0,414 Thread 0x00007da780031b40 Uncommon trap: reason=unstable_if action=reinterpret pc=0x00007da7700e4498 method=java.util.zip.ZipFile$Source.isMetaName([BII)Z @ 57 c2
Event: 0,414 Thread 0x00007da780031b40 DEOPT PACKING pc=0x00007da7700e4498 sp=0x00007da786dfd0d0
Event: 0,414 Thread 0x00007da780031b40 DEOPT UNPACKING pc=0x00007da76fc657f9 sp=0x00007da786dfd098 mode 2
Event: 0,415 Thread 0x00007da780031b40 Uncommon trap: trap_request=0xffffff45 fr.pc=0x00007da7700ee294 relative=0x0000000000000414
Event: 0,415 Thread 0x00007da780031b40 Uncommon trap: reason=unstable_if action=reinterpret pc=0x00007da7700ee294 method=java.lang.StringLatin1.indexOf([BI[BII)I @ 91 c2
Event: 0,415 Thread 0x00007da780031b40 DEOPT PACKING pc=0x00007da7700ee294 sp=0x00007da786dfd710
Event: 0,415 Thread 0x00007da780031b40 DEOPT UNPACKING pc=0x00007da76fc657f9 sp=0x00007da786dfd6a0 mode 2

Classes loaded (20 events):
Event: 0,426 Loading class ch/qos/logback/core/joran/spi/JoranException
Event: 0,426 Loading class ch/qos/logback/core/joran/spi/JoranException done
Event: 0,426 Loading class ch/qos/logback/core/Context
Event: 0,426 Loading class ch/qos/logback/core/Context done
Event: 0,427 Loading class ch/qos/logback/core/spi/PropertyContainer
Event: 0,427 Loading class ch/qos/logback/core/spi/PropertyContainer done
Event: 0,428 Loading class java/util/ServiceLoader$ProviderImpl
Event: 0,428 Loading class java/util/ServiceLoader$ProviderImpl done
Event: 0,428 Loading class java/lang/invoke/WrongMethodTypeException
Event: 0,428 Loading class java/lang/invoke/WrongMethodTypeException done
Event: 0,428 Loading class ch/qos/logback/classic/LoggerContext
Event: 0,428 Loading class ch/qos/logback/classic/LoggerContext done
Event: 0,429 Loading class ch/qos/logback/core/spi/LifeCycle
Event: 0,429 Loading class ch/qos/logback/core/spi/LifeCycle done
Event: 0,429 Loading class ch/qos/logback/core/ContextBase
Event: 0,429 Loading class ch/qos/logback/core/ContextBase done
Event: 0,430 Loading class ch/qos/logback/core/status/StatusManager
Event: 0,430 Loading class ch/qos/logback/core/status/StatusManager done
Event: 0,430 Loading class ch/qos/logback/core/status/Status
Event: 0,430 Loading class ch/qos/logback/core/status/Status done

Classes unloaded (0 events):
No events

Classes redefined (1 events):
Event: 0,206 Thread 0x00007da78010b160 redefined class name=java.lang.Throwable, count=1

Internal exceptions (3 events):
Event: 0,156 Thread 0x00007da780031b40 Exception <a 'java/lang/NoSuchMethodError'{0x000000073ba35928}: 'void java.lang.invoke.DirectMethodHandle$Holder.invokeStatic(java.lang.Object, java.lang.Object, java.lang.Object)'> (0x000000073ba35928) 
thrown [open/src/hotspot/share/interpreter/linkResolver.cpp, line 803]
Event: 0,172 Thread 0x00007da780031b40 Exception <a 'java/lang/NoSuchMethodError'{0x000000073ba6a7c0}: 'java.lang.Object java.lang.invoke.Invokers$Holder.invokeExact_MT(java.lang.Object, java.lang.Object, java.lang.Object, java.lang.Object, java.lang.Object)'> (0x000000073ba6a7c0) 
thrown [open/src/hotspot/share/interpreter/linkResolver.cpp, line 803]
Event: 0,419 Thread 0x00007da780031b40 Exception <a 'java/lang/NoSuchMethodError'{0x000000073ae37ed8}: 'java.lang.Object java.lang.invoke.DirectMethodHandle$Holder.invokeStaticInit(java.lang.Object)'> (0x000000073ae37ed8) 
thrown [open/src/hotspot/share/interpreter/linkResolver.cpp, line 803]

VM Operations (14 events):
Event: 0,073 Executing non-safepoint VM operation: HandshakeAllThreads (Deoptimize)
Event: 0,073 Executing non-safepoint VM operation: HandshakeAllThreads (Deoptimize) done
Event: 0,152 Executing safepoint VM operation: ChangeBreakpoints
Event: 0,152 Executing safepoint VM operation: ChangeBreakpoints done
Event: 0,153 Executing safepoint VM operation: ChangeBreakpoints
Event: 0,153 Executing safepoint VM operation: ChangeBreakpoints done
Event: 0,205 Executing safepoint VM operation: RedefineClasses
Event: 0,207 Executing safepoint VM operation: RedefineClasses done
Event: 0,208 Executing safepoint VM operation: get/set locals
Event: 0,208 Executing safepoint VM operation: get/set locals done
Event: 0,420 Executing non-safepoint VM operation: HandshakeAllThreads (Deoptimize)
Event: 0,420 Executing non-safepoint VM operation: HandshakeAllThreads (Deoptimize) done
Event: 0,424 Executing non-safepoint VM operation: HandshakeAllThreads (Deoptimize)
Event: 0,424 Executing non-safepoint VM operation: HandshakeAllThreads (Deoptimize) done

Memory protections (16 events):
Event: 0,003 Protecting memory [0x00007da786d00000,0x00007da786d04000] with protection modes 0
Event: 0,012 Protecting memory [0x000000005b000000,0x000000005b001000] with protection modes 0
Event: 0,026 Protecting memory [0x00007da7843d6000,0x00007da7843da000] with protection modes 0
Event: 0,026 Protecting memory [0x00007da7840b7000,0x00007da7840bb000] with protection modes 0
Event: 0,027 Protecting memory [0x00007da77ff00000,0x00007da77ff04000] with protection modes 0
Event: 0,027 Protecting memory [0x00007da7650b0000,0x00007da7650b4000] with protection modes 0
Event: 0,027 Protecting memory [0x00007da764fb0000,0x00007da764fb4000] with protection modes 0
Event: 0,027 Protecting memory [0x00007da764eb0000,0x00007da764eb4000] with protection modes 0
Event: 0,027 Protecting memory [0x00007da764db0000,0x00007da764db4000] with protection modes 0
Event: 0,095 Protecting memory [0x00007da764cb0000,0x00007da764cb4000] with protection modes 0
Event: 0,095 Protecting memory [0x00007da764aff000,0x00007da764b03000] with protection modes 0
Event: 0,096 Protecting memory [0x00007da7649ff000,0x00007da764a03000] with protection modes 0
Event: 0,178 Protecting memory [0x00007da7648ff000,0x00007da764903000] with protection modes 0
Event: 0,210 Protecting memory [0x00007da7646a2000,0x00007da7646a6000] with protection modes 0
Event: 0,214 Protecting memory [0x00007da7647ff000,0x00007da764803000] with protection modes 0
Event: 0,275 Protecting memory [0x00007da7645a2000,0x00007da7645a6000] with protection modes 0

Nmethod flushes (0 events):
No events

Events (15 events):
Event: 0,015 Thread 0x00007da780031b40 Thread added: 0x00007da780031b40
Event: 0,026 Thread 0x00007da780031b40 Thread added: 0x00007da780113dd0
Event: 0,026 Thread 0x00007da780031b40 Thread added: 0x00007da780114fc0
Event: 0,026 Thread 0x00007da780031b40 Thread added: 0x00007da780116b30
Event: 0,027 Thread 0x00007da780031b40 Thread added: 0x00007da780118450
Event: 0,027 Thread 0x00007da780031b40 Thread added: 0x00007da780119cd0
Event: 0,027 Thread 0x00007da780031b40 Thread added: 0x00007da78011bad0
Event: 0,027 Thread 0x00007da780031b40 Thread added: 0x00007da78011d4c0
Event: 0,095 Thread 0x00007da780031b40 Thread added: 0x00007da780170530
Event: 0,095 Thread 0x00007da780031b40 Thread added: 0x00007da780186190
Event: 0,096 Thread 0x00007da780170530 Thread added: 0x00007da71c001060
Event: 0,175 Thread 0x00007da780031b40 Thread added: 0x00007da780192670
Event: 0,210 Thread 0x00007da780031b40 Thread added: 0x00007da7801c7990
Event: 0,214 Thread 0x00007da780031b40 Thread added: 0x00007da7801e4aa0
Event: 0,275 Thread 0x00007da78011d4c0 Thread added: 0x00007da7280de480


Dynamic libraries:
5b000000-5b001000 ---p 00000000 00:00 0 
5b001000-5bd8c000 rw-p 00001000 08:13 1581386                            /home/usuario-t/.jdks/openjdk-25/lib/server/classes.jsa
5bd8c000-5c000000 ---p 00000000 00:00 0 
5c000000-5c040000 rw-p 00000000 00:00 0 
5c040000-5c060000 rw-p 00000000 00:00 0 
5c060000-5c080000 rw-p 00000000 00:00 0 
5c080000-9c000000 ---p 00000000 00:00 0 
72ec00000-73be00000 rw-p 00000000 00:00 0 
73be00000-7ffe00000 ---p 00000000 00:00 0 
7ffe00000-7fff21000 rw-p 00dbf000 08:13 1581386                          /home/usuario-t/.jdks/openjdk-25/lib/server/classes.jsa
7fff21000-800000000 rw-p 00000000 00:00 0 
5e167d114000-5e167d115000 r-xp 00000000 08:13 1580888                    /home/usuario-t/.jdks/openjdk-25/bin/java
5e167d116000-5e167d117000 r--p 00001000 08:13 1580888                    /home/usuario-t/.jdks/openjdk-25/bin/java
5e167d117000-5e167d118000 rw-p 00002000 08:13 1580888                    /home/usuario-t/.jdks/openjdk-25/bin/java
5e1683013000-5e168305e000 rw-p 00000000 00:00 0                          [heap]
7da704000000-7da7041ac000 rw-p 00000000 00:00 0 
7da7041ac000-7da708000000 ---p 00000000 00:00 0 
7da70c000000-7da70c021000 rw-p 00000000 00:00 0 
7da70c021000-7da710000000 ---p 00000000 00:00 0 
7da710000000-7da710021000 rw-p 00000000 00:00 0 
7da710021000-7da714000000 ---p 00000000 00:00 0 
7da714000000-7da714021000 rw-p 00000000 00:00 0 
7da714021000-7da718000000 ---p 00000000 00:00 0 
7da718000000-7da718021000 rw-p 00000000 00:00 0 
7da718021000-7da71c000000 ---p 00000000 00:00 0 
7da71c000000-7da71c05f000 rw-p 00000000 00:00 0 
7da71c05f000-7da720000000 ---p 00000000 00:00 0 
7da720000000-7da720021000 rw-p 00000000 00:00 0 
7da720021000-7da724000000 ---p 00000000 00:00 0 
7da724000000-7da724338000 rw-p 00000000 00:00 0 
7da724338000-7da728000000 ---p 00000000 00:00 0 
7da728000000-7da728204000 rw-p 00000000 00:00 0 
7da728204000-7da72c000000 ---p 00000000 00:00 0 
7da72c000000-7da72c021000 rw-p 00000000 00:00 0 
7da72c021000-7da730000000 ---p 00000000 00:00 0 
7da730000000-7da730021000 rw-p 00000000 00:00 0 
7da730021000-7da734000000 ---p 00000000 00:00 0 
7da734000000-7da734021000 rw-p 00000000 00:00 0 
7da734021000-7da738000000 ---p 00000000 00:00 0 
7da738000000-7da738021000 rw-p 00000000 00:00 0 
7da738021000-7da73c000000 ---p 00000000 00:00 0 
7da73c000000-7da73c400000 rw-p 00000000 00:00 0 
7da73c400000-7da73c4c0000 rw-p 00000000 00:00 0 
7da73c4c0000-7da73c500000 ---p 00000000 00:00 0 
7da73c500000-7da73c570000 rw-p 00000000 00:00 0 
7da73c570000-7da740000000 ---p 00000000 00:00 0 
7da740000000-7da740021000 rw-p 00000000 00:00 0 
7da740021000-7da744000000 ---p 00000000 00:00 0 
7da744000000-7da744021000 rw-p 00000000 00:00 0 
7da744021000-7da748000000 ---p 00000000 00:00 0 
7da748000000-7da748021000 rw-p 00000000 00:00 0 
7da748021000-7da74c000000 ---p 00000000 00:00 0 
7da74c000000-7da74c021000 rw-p 00000000 00:00 0 
7da74c021000-7da750000000 ---p 00000000 00:00 0 
7da750000000-7da750021000 rw-p 00000000 00:00 0 
7da750021000-7da754000000 ---p 00000000 00:00 0 
7da756000000-7da758021000 rw-p 00000000 00:00 0 
7da758021000-7da75c000000 ---p 00000000 00:00 0 
7da75c000000-7da75c021000 rw-p 00000000 00:00 0 
7da75c021000-7da760000000 ---p 00000000 00:00 0 
7da760000000-7da760021000 rw-p 00000000 00:00 0 
7da760021000-7da764000000 ---p 00000000 00:00 0 
7da764130000-7da7645a2000 rw-p 00000000 00:00 0 
7da7645a2000-7da7645a6000 ---p 00000000 00:00 0 
7da7645a6000-7da7646a2000 rw-p 00000000 00:00 0 
7da7646a2000-7da7646a6000 ---p 00000000 00:00 0 
7da7646a6000-7da7647a2000 rw-p 00000000 00:00 0 
7da7647ff000-7da764803000 ---p 00000000 00:00 0 
7da764803000-7da7648ff000 rw-p 00000000 00:00 0 
7da7648ff000-7da764903000 ---p 00000000 00:00 0 
7da764903000-7da7649ff000 rw-p 00000000 00:00 0 
7da7649ff000-7da764a03000 ---p 00000000 00:00 0 
7da764a03000-7da764aff000 rw-p 00000000 00:00 0 
7da764aff000-7da764b03000 ---p 00000000 00:00 0 
7da764b03000-7da764bff000 rw-p 00000000 00:00 0 
7da764cb0000-7da764cb4000 ---p 00000000 00:00 0 
7da764cb4000-7da764db0000 rw-p 00000000 00:00 0 
7da764db0000-7da764db4000 ---p 00000000 00:00 0 
7da764db4000-7da764eb0000 rw-p 00000000 00:00 0 
7da764eb0000-7da764eb4000 ---p 00000000 00:00 0 
7da764eb4000-7da764fb0000 rw-p 00000000 00:00 0 
7da764fb0000-7da764fb4000 ---p 00000000 00:00 0 
7da764fb4000-7da7650b0000 rw-p 00000000 00:00 0 
7da7650b0000-7da7650b4000 ---p 00000000 00:00 0 
7da7650b4000-7da7651b0000 rw-p 00000000 00:00 0 
7da7651b0000-7da7654f8000 rw-p 00000000 00:00 0 
7da7654f8000-7da7685f8000 ---p 00000000 00:00 0 
7da7685f8000-7da768600000 rw-p 00000000 00:00 0 
7da768600000-7da768870000 rwxp 00000000 00:00 0 
7da768870000-7da76fb37000 ---p 00000000 00:00 0 
7da76fb37000-7da76fda7000 rwxp 00000000 00:00 0 
7da76fda7000-7da7700c8000 ---p 00000000 00:00 0 
7da7700c8000-7da770338000 rwxp 00000000 00:00 0 
7da770338000-7da777600000 ---p 00000000 00:00 0 
7da777600000-7da77fea4000 r--s 00000000 08:13 1581339                    /home/usuario-t/.jdks/openjdk-25/lib/modules
7da77ff00000-7da77ff04000 ---p 00000000 00:00 0 
7da77ff04000-7da780000000 rw-p 00000000 00:00 0 
7da780000000-7da780912000 rw-p 00000000 00:00 0 
7da780912000-7da784000000 ---p 00000000 00:00 0 
7da784076000-7da7840b4000 r-xp 00000000 08:13 1581345                    /home/usuario-t/.jdks/openjdk-25/lib/libsimdsort.so
7da7840b4000-7da7840b5000 ---p 0003e000 08:13 1581345                    /home/usuario-t/.jdks/openjdk-25/lib/libsimdsort.so
7da7840b5000-7da7840b6000 r--p 0003e000 08:13 1581345                    /home/usuario-t/.jdks/openjdk-25/lib/libsimdsort.so
7da7840b6000-7da7840b7000 rw-p 0003f000 08:13 1581345                    /home/usuario-t/.jdks/openjdk-25/lib/libsimdsort.so
7da7840b7000-7da7840bb000 ---p 00000000 00:00 0 
7da7840bb000-7da7841b7000 rw-p 00000000 00:00 0 
7da7841b7000-7da7842d4000 rw-p 00000000 00:00 0 
7da7842d4000-7da7842d5000 ---p 00000000 00:00 0 
7da7842d5000-7da7843d5000 rw-p 00000000 00:00 0 
7da7843d5000-7da7843d6000 ---p 00000000 00:00 0 
7da7843d6000-7da7843da000 ---p 00000000 00:00 0 
7da7843da000-7da7844d6000 rw-p 00000000 00:00 0 
7da7844d6000-7da7844d7000 ---p 00000000 00:00 0 
7da7844d7000-7da7845d7000 rw-p 00000000 00:00 0 
7da7845d7000-7da7845d8000 ---p 00000000 00:00 0 
7da7845d8000-7da7846d8000 rw-p 00000000 00:00 0 
7da7846d8000-7da7846d9000 ---p 00000000 00:00 0 
7da7846d9000-7da7847d9000 rw-p 00000000 00:00 0 
7da7847d9000-7da784fe1000 rw-p 00000000 00:00 0 
7da784fe1000-7da784fe2000 ---p 00000000 00:00 0 
7da784fe2000-7da7850e2000 rw-p 00000000 00:00 0 
7da7850e2000-7da7850e3000 ---p 00000000 00:00 0 
7da7850e3000-7da7851e3000 rw-p 00000000 00:00 0 
7da7851e3000-7da7851e4000 ---p 00000000 00:00 0 
7da7851e4000-7da7852e4000 rw-p 00000000 00:00 0 
7da7852e4000-7da78534d000 rw-p 00000000 00:00 0 
7da78534d000-7da78596d000 ---p 00000000 00:00 0 
7da78596d000-7da7859d7000 rw-p 00000000 00:00 0 
7da7859d7000-7da785ff7000 ---p 00000000 00:00 0 
7da785ff7000-7da786800000 rw-p 00000000 00:00 0 
7da786800000-7da786b02000 r--p 00000000 08:02 7605089                    /usr/lib/locale/locale-archive
7da786b14000-7da786b28000 r-xp 00000000 08:13 1581330                    /home/usuario-t/.jdks/openjdk-25/lib/libnio.so
7da786b28000-7da786b29000 r--p 00013000 08:13 1581330                    /home/usuario-t/.jdks/openjdk-25/lib/libnio.so
7da786b29000-7da786b2a000 rw-p 00014000 08:13 1581330                    /home/usuario-t/.jdks/openjdk-25/lib/libnio.so
7da786b2a000-7da786b2f000 rw-p 00000000 00:00 0 
7da786b2f000-7da786c15000 ---p 00000000 00:00 0 
7da786c15000-7da786c1a000 rw-p 00000000 00:00 0 
7da786c1a000-7da786d00000 ---p 00000000 00:00 0 
7da786d00000-7da786d04000 ---p 00000000 00:00 0 
7da786d04000-7da786e00000 rw-p 00000000 00:00 0 
7da786e00000-7da7882dd000 r-xp 00000000 08:13 1581382                    /home/usuario-t/.jdks/openjdk-25/lib/server/libjvm.so
7da7882dd000-7da7882de000 ---p 014dd000 08:13 1581382                    /home/usuario-t/.jdks/openjdk-25/lib/server/libjvm.so
7da7882de000-7da7883c4000 r--p 014dd000 08:13 1581382                    /home/usuario-t/.jdks/openjdk-25/lib/server/libjvm.so
7da7883c4000-7da7883ed000 rw-p 015c3000 08:13 1581382                    /home/usuario-t/.jdks/openjdk-25/lib/server/libjvm.so
7da7883ed000-7da788469000 rw-p 00000000 00:00 0 
7da78846d000-7da788479000 r-xp 00000000 08:13 1581347                    /home/usuario-t/.jdks/openjdk-25/lib/libnet.so
7da788479000-7da78847a000 r--p 0000b000 08:13 1581347                    /home/usuario-t/.jdks/openjdk-25/lib/libnet.so
7da78847a000-7da78847b000 rw-p 0000c000 08:13 1581347                    /home/usuario-t/.jdks/openjdk-25/lib/libnet.so
7da78847b000-7da78849d000 r--p 00000000 08:02 7881651                    /usr/share/locale-langpack/es/LC_MESSAGES/libc.mo
7da78849d000-7da788509000 rw-p 00000000 00:00 0 
7da788509000-7da78851a000 r--p 00000000 08:02 7609737                    /usr/lib/x86_64-linux-gnu/libm.so.6
7da78851a000-7da7885a0000 r-xp 00011000 08:02 7609737                    /usr/lib/x86_64-linux-gnu/libm.so.6
7da7885a0000-7da7885fe000 r--p 00097000 08:02 7609737                    /usr/lib/x86_64-linux-gnu/libm.so.6
7da7885fe000-7da7885ff000 r--p 000f5000 08:02 7609737                    /usr/lib/x86_64-linux-gnu/libm.so.6
7da7885ff000-7da788600000 rw-p 000f6000 08:02 7609737                    /usr/lib/x86_64-linux-gnu/libm.so.6
7da788600000-7da788628000 r--p 00000000 08:02 7609733                    /usr/lib/x86_64-linux-gnu/libc.so.6
7da788628000-7da7887bd000 r-xp 00028000 08:02 7609733                    /usr/lib/x86_64-linux-gnu/libc.so.6
7da7887bd000-7da78880c000 r--p 001bd000 08:02 7609733                    /usr/lib/x86_64-linux-gnu/libc.so.6
7da78880c000-7da788810000 r--p 0020b000 08:02 7609733                    /usr/lib/x86_64-linux-gnu/libc.so.6
7da788810000-7da788812000 rw-p 0020f000 08:02 7609733                    /usr/lib/x86_64-linux-gnu/libc.so.6
7da788812000-7da78881f000 rw-p 00000000 00:00 0 
7da788826000-7da788834000 r-xp 00000000 08:13 1581331                    /home/usuario-t/.jdks/openjdk-25/lib/libverify.so
7da788834000-7da788836000 r--p 0000d000 08:13 1581331                    /home/usuario-t/.jdks/openjdk-25/lib/libverify.so
7da788836000-7da788837000 rw-p 0000f000 08:13 1581331                    /home/usuario-t/.jdks/openjdk-25/lib/libverify.so
7da788837000-7da78883c000 r-xp 00000000 08:13 1581373                    /home/usuario-t/.jdks/openjdk-25/lib/libdt_socket.so
7da78883c000-7da78883d000 r--p 00004000 08:13 1581373                    /home/usuario-t/.jdks/openjdk-25/lib/libdt_socket.so
7da78883d000-7da78883e000 rw-p 00005000 08:13 1581373                    /home/usuario-t/.jdks/openjdk-25/lib/libdt_socket.so
7da78883e000-7da788845000 r--s 00000000 08:02 7609722                    /usr/lib/x86_64-linux-gnu/gconv/gconv-modules.cache
7da788845000-7da78884a000 rw-p 00000000 00:00 0 
7da78884a000-7da788851000 ---p 00000000 00:00 0 
7da788851000-7da788858000 r--s 00111000 07:10 1445                       /snap/intellij-idea-community/685/plugins/java/lib/rt/debugger-agent.jar
7da788858000-7da78885f000 r-xp 00000000 08:13 1581333                    /home/usuario-t/.jdks/openjdk-25/lib/libzip.so
7da78885f000-7da788860000 ---p 00007000 08:13 1581333                    /home/usuario-t/.jdks/openjdk-25/lib/libzip.so
7da788860000-7da788861000 r--p 00007000 08:13 1581333                    /home/usuario-t/.jdks/openjdk-25/lib/libzip.so
7da788861000-7da788862000 rw-p 00008000 08:13 1581333                    /home/usuario-t/.jdks/openjdk-25/lib/libzip.so
7da788862000-7da78886a000 rw-s 00000000 00:31 401                        /tmp/hsperfdata_usuario-t/12093
7da78886a000-7da788889000 r-xp 00000000 08:13 1581343                    /home/usuario-t/.jdks/openjdk-25/lib/libjava.so
7da788889000-7da78888a000 ---p 0001f000 08:13 1581343                    /home/usuario-t/.jdks/openjdk-25/lib/libjava.so
7da78888a000-7da78888b000 r--p 0001f000 08:13 1581343                    /home/usuario-t/.jdks/openjdk-25/lib/libjava.so
7da78888b000-7da78888c000 rw-p 00020000 08:13 1581343                    /home/usuario-t/.jdks/openjdk-25/lib/libjava.so
7da78888c000-7da78888d000 rw-p 00000000 00:00 0 
7da78888d000-7da7888cf000 r-xp 00000000 08:13 1581366                    /home/usuario-t/.jdks/openjdk-25/lib/libjdwp.so
7da7888cf000-7da7888d0000 r--p 00041000 08:13 1581366                    /home/usuario-t/.jdks/openjdk-25/lib/libjdwp.so
7da7888d0000-7da7888d1000 rw-p 00042000 08:13 1581366                    /home/usuario-t/.jdks/openjdk-25/lib/libjdwp.so
7da7888d1000-7da7888d2000 rw-p 00000000 00:00 0 
7da7888d2000-7da7888f2000 r-xp 00000000 08:13 1581342                    /home/usuario-t/.jdks/openjdk-25/lib/libjimage.so
7da7888f2000-7da7888f3000 ---p 00020000 08:13 1581342                    /home/usuario-t/.jdks/openjdk-25/lib/libjimage.so
7da7888f3000-7da7888f5000 r--p 00020000 08:13 1581342                    /home/usuario-t/.jdks/openjdk-25/lib/libjimage.so
7da7888f5000-7da7888f6000 rw-p 00022000 08:13 1581342                    /home/usuario-t/.jdks/openjdk-25/lib/libjimage.so
7da7888f6000-7da7888f7000 r--p 00000000 08:02 7609758                    /usr/lib/x86_64-linux-gnu/librt.so.1
7da7888f7000-7da7888f8000 r-xp 00001000 08:02 7609758                    /usr/lib/x86_64-linux-gnu/librt.so.1
7da7888f8000-7da7888f9000 r--p 00002000 08:02 7609758                    /usr/lib/x86_64-linux-gnu/librt.so.1
7da7888f9000-7da7888fa000 r--p 00002000 08:02 7609758                    /usr/lib/x86_64-linux-gnu/librt.so.1
7da7888fa000-7da7888fb000 rw-p 00003000 08:02 7609758                    /usr/lib/x86_64-linux-gnu/librt.so.1
7da7888fb000-7da7888ff000 rw-p 00000000 00:00 0 
7da7888ff000-7da788900000 r--p 00000000 08:02 7609756                    /usr/lib/x86_64-linux-gnu/libpthread.so.0
7da788900000-7da788901000 r-xp 00001000 08:02 7609756                    /usr/lib/x86_64-linux-gnu/libpthread.so.0
7da788901000-7da788902000 r--p 00002000 08:02 7609756                    /usr/lib/x86_64-linux-gnu/libpthread.so.0
7da788902000-7da788903000 r--p 00002000 08:02 7609756                    /usr/lib/x86_64-linux-gnu/libpthread.so.0
7da788903000-7da788904000 rw-p 00003000 08:02 7609756                    /usr/lib/x86_64-linux-gnu/libpthread.so.0
7da788904000-7da788905000 r--p 00000000 08:02 7609736                    /usr/lib/x86_64-linux-gnu/libdl.so.2
7da788905000-7da788906000 r-xp 00001000 08:02 7609736                    /usr/lib/x86_64-linux-gnu/libdl.so.2
7da788906000-7da788907000 r--p 00002000 08:02 7609736                    /usr/lib/x86_64-linux-gnu/libdl.so.2
7da788907000-7da788908000 r--p 00002000 08:02 7609736                    /usr/lib/x86_64-linux-gnu/libdl.so.2
7da788908000-7da788909000 rw-p 00003000 08:02 7609736                    /usr/lib/x86_64-linux-gnu/libdl.so.2
7da788909000-7da78890c000 r--p 00000000 08:02 7630595                    /usr/lib/x86_64-linux-gnu/libz.so.1.3.1
7da78890c000-7da78891f000 r-xp 00003000 08:02 7630595                    /usr/lib/x86_64-linux-gnu/libz.so.1.3.1
7da78891f000-7da788925000 r--p 00016000 08:02 7630595                    /usr/lib/x86_64-linux-gnu/libz.so.1.3.1
7da788925000-7da788926000 r--p 0001c000 08:02 7630595                    /usr/lib/x86_64-linux-gnu/libz.so.1.3.1
7da788926000-7da788927000 rw-p 0001d000 08:02 7630595                    /usr/lib/x86_64-linux-gnu/libz.so.1.3.1
7da78892a000-7da788934000 r-xp 00000000 08:13 1581371                    /home/usuario-t/.jdks/openjdk-25/lib/libinstrument.so
7da788934000-7da788935000 ---p 0000a000 08:13 1581371                    /home/usuario-t/.jdks/openjdk-25/lib/libinstrument.so
7da788935000-7da788936000 r--p 0000a000 08:13 1581371                    /home/usuario-t/.jdks/openjdk-25/lib/libinstrument.so
7da788936000-7da788937000 rw-p 0000b000 08:13 1581371                    /home/usuario-t/.jdks/openjdk-25/lib/libinstrument.so
7da788937000-7da788938000 ---p 00000000 00:00 0 
7da788938000-7da788939000 r--p 00000000 00:00 0 
7da788939000-7da78893a000 ---p 00000000 00:00 0 
7da78893a000-7da788949000 r-xp 00000000 08:13 1581369                    /home/usuario-t/.jdks/openjdk-25/lib/libjli.so
7da788949000-7da78894a000 r--p 0000e000 08:13 1581369                    /home/usuario-t/.jdks/openjdk-25/lib/libjli.so
7da78894a000-7da78894b000 rw-p 0000f000 08:13 1581369                    /home/usuario-t/.jdks/openjdk-25/lib/libjli.so
7da78894b000-7da78894d000 rw-p 00000000 00:00 0 
7da78894d000-7da78894f000 r--p 00000000 00:00 0                          [vvar]
7da78894f000-7da788951000 r--p 00000000 00:00 0                          [vvar_vclock]
7da788951000-7da788953000 r-xp 00000000 00:00 0                          [vdso]
7da788953000-7da788954000 r--p 00000000 08:02 7609730                    /usr/lib/x86_64-linux-gnu/ld-linux-x86-64.so.2
7da788954000-7da788982000 r-xp 00001000 08:02 7609730                    /usr/lib/x86_64-linux-gnu/ld-linux-x86-64.so.2
7da788982000-7da78898d000 r--p 0002f000 08:02 7609730                    /usr/lib/x86_64-linux-gnu/ld-linux-x86-64.so.2
7da78898d000-7da78898f000 r--p 0003a000 08:02 7609730                    /usr/lib/x86_64-linux-gnu/ld-linux-x86-64.so.2
7da78898f000-7da788990000 rw-p 0003c000 08:02 7609730                    /usr/lib/x86_64-linux-gnu/ld-linux-x86-64.so.2
7da788990000-7da788991000 rw-p 00000000 00:00 0 
7ffcdd88e000-7ffcdd8b2000 rw-p 00000000 00:00 0                          [stack]
ffffffffff600000-ffffffffff601000 --xp 00000000 00:00 0                  [vsyscall]
Total number of mappings: 231

JVMTI agents:
jdwp path:none, loaded, initialized, options:transport=dt_socket,address=127.0.0.1:37609,suspend=y,server=n
/snap/intellij-idea-community/685/plugins/java/lib/rt/debugger-agent.jar path:none, loaded, initialized, instrumentlib options:file:///tmp/capture11279881924625824219.props


VM Arguments:
jvm_args: -agentlib:jdwp=transport=dt_socket,address=127.0.0.1:37609,suspend=y,server=n -javaagent:/snap/intellij-idea-community/685/plugins/java/lib/rt/debugger-agent.jar=file:///tmp/capture11279881924625824219.props -Dkotlinx.coroutines.debug.enable.creation.stack.trace=false -Ddebugger.agent.enable.coroutines=true -Dkotlinx.coroutines.debug.enable.flows.stack.trace=true -Dkotlinx.coroutines.debug.enable.mutable.state.flows.stack.trace=true -Dfile.encoding=UTF-8 -Dsun.stdout.encoding=UTF-8 -Dsun.stderr.encoding=UTF-8 
java_command: org.iesalixar.daw2.cine.CineApplication
java_class_path (initial): /home/usuario-t/IdeaProjects/cine/target/classes:/home/usuario-t/.m2/repository/org/springframework/boot/spring-boot-starter-data-jdbc/3.5.7/spring-boot-starter-data-jdbc-3.5.7.jar:/home/usuario-t/.m2/repository/org/springframework/boot/spring-boot-starter-jdbc/3.5.7/spring-boot-starter-jdbc-3.5.7.jar:/home/usuario-t/.m2/repository/com/zaxxer/HikariCP/6.3.3/HikariCP-6.3.3.jar:/home/usuario-t/.m2/repository/org/springframework/spring-jdbc/6.2.12/spring-jdbc-6.2.12.jar:/home/usuario-t/.m2/repository/org/springframework/data/spring-data-jdbc/3.5.5/spring-data-jdbc-3.5.5.jar:/home/usuario-t/.m2/repository/org/springframework/data/spring-data-relational/3.5.5/spring-data-relational-3.5.5.jar:/home/usuario-t/.m2/repository/org/springframework/data/spring-data-commons/3.5.5/spring-data-commons-3.5.5.jar:/home/usuario-t/.m2/repository/org/springframework/spring-tx/6.2.12/spring-tx-6.2.12.jar:/home/usuario-t/.m2/repository/org/springframework/spring-context/6.2.12/spring-context-6.2.12.jar:/home/usuario-t/.m2/repository/org/springframework/spring-beans/6.2.12/spring-beans-6.2.12.jar:/home/usuario-t/.m2/repository/org/slf4j/slf4j-api/2.0.17/slf4j-api-2.0.17.jar:/home/usuario-t/.m2/repository/org/springframework/boot/spring-boot-starter-data-jpa/3.5.7/spring-boot-starter-data-jpa-3.5.7.jar:/home/usuario-t/.m2/repository/org/springframework/boot/spring-boot-starter/3.5.7/spring-boot-starter-3.5.7.jar:/home/usuario-t/.m2/repository/org/springframework/boot/spring-boot/3.5.7/spring-boot-3.5.7.jar:/home/usuario-t/.m2/repository/org/springframework/boot/spring-boot-starter-logging/3.5.7/spring-boot-starter-logging-3.5.7.jar:/home/usuario-t/.m2/repository/ch/qos/logback/logback-classic/1.5.20/logback-classic-1.5.20.jar:/home/usuario-t/.m2/repository/ch/qos/logback/logback-core/1.5.20/logback-core-1.5.20.jar:/home/usuario-t/.m2/repository/org/apache/logging/log4j/log4j-to-slf4j/2.24.3/log4j-to-slf4j-2.24.3.jar:/home/usuario-t/.m2/repository/org/apache/logging/log4j/log4j-api/2.24.3/log4j-api-2.24.3.jar:/home/usuario-t/.m2/repository/org/slf4j/jul-to-slf4j/2.0.17/jul-to-slf4j-2.0.17.jar:/home/usuario-t/.m2/repository/jakarta/annotation/jakarta.annotation-api/2.1.1/jakarta.annotation-api-2.1.1.jar:/home/usuario-t/.m2/repository/org/yaml/snakeyaml/2.4/snakeyaml-2.4.jar:/home/usuario-t/.m2/repository/org/springframework/data/spring-data-jpa/3.5.5/spring-data-jpa-3.5.5.jar:/home/usuario-t/.m2/repository/org/springframework/spring-orm/6.2.12/spring-orm-6.2.12.jar:/home/usuario-t/.m2/repository/org/springframework/spring-aspects/6.2.12/spring-aspects-6.2.12.jar:/home/usuario-t/.m2/repository/org/aspectj/aspectjweaver/1.9.24/aspectjweaver-1.9.24.jar:/home/usuario-t/.m2/repository/org/springframework/boot/spring-boot-starter-thymeleaf/3.5.7/spring-boot-starter-thymeleaf-3.5.7.jar:/home/usuario-t/.m2/repository/org/thymeleaf/thymeleaf-spring6/3.1.3.RELEASE/thymeleaf-spring6-3.1.3.RELEASE.jar:/home/usuario-t/.m2/repository/org/thymeleaf/thymeleaf/3.1.3.RELEASE/thymeleaf-3.1.3.RELEASE.jar:/home/usuario-t/.m2/repository/org/attoparser/attoparser/2.0.7.RELEASE/attoparser-2.0.7.RELEASE.jar:/home/usuario-t/.m2/repository/org/unbescape/unbescape/1.1.6.RELEASE/unbescape-1.1.6.RELEASE.jar:/home/usuario-t/.m2/repository/org/springframework/boot/spring-boot-starter-web/3.5.7/spring-boot-starter-web-3.5.7.jar:/home/usuario-t/.m2/repository/org/springframework/boot/spring-boot-starter-json/3.5.7/spring-boot-starter-json-3.5.7.jar:/home/usuario-t/.m2/repository/com/fasterxml/jackson/datatype/jackson-datatype-jdk8/2.19.2/jackson-datatype-jdk8-2.19.2.jar:/home/usuario-t/.m2/repository/com/fasterxml/jackson/datatype/jackson-datatype-jsr310/2.19.2/jackson-datatype-jsr310-2.19.2.jar:/home/usuario-t/.m2/repository/com/fasterxml/jackson/module/jackson-module-parameter-names/2.19.2/jackson-module-parameter-names-2.19.2.jar:/home/usuario-t/.m2/repository/org/springframework/boot/spring-boot-starter-tomcat/3.5.7/spring-boot-starter-tomcat-3.5.7.jar:/home/usuario-t/.m2/repository/org/apache/tomcat/embed/tomcat-embed-core/10.1.48/tomcat-embed-core-10.1.48.jar:/home/usuario-t/.m2/repository/org/apache/tomcat/embed/tomcat-embed-websocket/10.1.48/tomcat-embed-websocket-10.1.48.jar:/home/usuario-t/.m2/repository/org/springframework/spring-web/6.2.12/spring-web-6.2.12.jar:/home/usuario-t/.m2/repository/io/micrometer/micrometer-observation/1.15.5/micrometer-observation-1.15.5.jar:/home/usuario-t/.m2/repository/io/micrometer/micrometer-commons/1.15.5/micrometer-commons-1.15.5.jar:/home/usuario-t/.m2/repository/org/springframework/spring-webmvc/6.2.12/spring-webmvc-6.2.12.jar:/home/usuario-t/.m2/repository/org/springframework/spring-expression/6.2.12/spring-expression-6.2.12.jar:/home/usuario-t/.m2/repository/org/mariadb/jdbc/mariadb-java-client/3.5.6/mariadb-java-client-3.5.6.jar:/home/usuario-t/.m2/repository/org/springframework/boot/spring-boot-autoconfigure/3.5.7/spring-boot-autoconfigure-3.5.7.jar:/home/usuario-t/.m2/repository/org/projectlombok/lombok/1.18.42/lombok-1.18.42.jar:/home/usuario-t/.m2/repository/jakarta/xml/bind/jakarta.xml.bind-api/4.0.4/jakarta.xml.bind-api-4.0.4.jar:/home/usuario-t/.m2/repository/jakarta/activation/jakarta.activation-api/2.1.4/jakarta.activation-api-2.1.4.jar:/home/usuario-t/.m2/repository/net/minidev/json-smart/2.5.2/json-smart-2.5.2.jar:/home/usuario-t/.m2/repository/net/minidev/accessors-smart/2.5.2/accessors-smart-2.5.2.jar:/home/usuario-t/.m2/repository/org/ow2/asm/asm/9.7.1/asm-9.7.1.jar:/home/usuario-t/.m2/repository/org/springframework/spring-core/6.2.12/spring-core-6.2.12.jar:/home/usuario-t/.m2/repository/org/springframework/spring-jcl/6.2.12/spring-jcl-6.2.12.jar:/home/usuario-t/.m2/repository/io/github/cdimascio/dotenv-java/3.0.2/dotenv-java-3.0.2.jar:/home/usuario-t/.m2/repository/org/apache/commons/commons-lang3/3.19.0/commons-lang3-3.19.0.jar:/home/usuario-t/.m2/repository/org/springframework/boot/spring-boot-starter-validation/3.5.7/spring-boot-starter-validation-3.5.7.jar:/home/usuario-t/.m2/repository/org/apache/tomcat/embed/tomcat-embed-el/10.1.48/tomcat-embed-el-10.1.48.jar:/home/usuario-t/.m2/repository/org/hibernate/validator/hibernate-validator/8.0.3.Final/hibernate-validator-8.0.3.Final.jar:/home/usuario-t/.m2/repository/jakarta/validation/jakarta.validation-api/3.0.2/jakarta.validation-api-3.0.2.jar:/home/usuario-t/.m2/repository/org/hibernate/orm/hibernate-core/6.6.34.Final/hibernate-core-6.6.34.Final.jar:/home/usuario-t/.m2/repository/jakarta/persistence/jakarta.persistence-api/3.1.0/jakarta.persistence-api-3.1.0.jar:/home/usuario-t/.m2/repository/jakarta/transaction/jakarta.transaction-api/2.0.1/jakarta.transaction-api-2.0.1.jar:/home/usuario-t/.m2/repository/org/jboss/logging/jboss-logging/3.6.1.Final/jboss-logging-3.6.1.Final.jar:/home/usuario-t/.m2/repository/org/hibernate/common/hibernate-commons-annotations/7.0.3.Final/hibernate-commons-annotations-7.0.3.Final.jar:/home/usuario-t/.m2/repository/io/smallrye/jandex/3.2.0/jandex-3.2.0.jar:/home/usuario-t/.m2/repository/com/fasterxml/classmate/1.7.1/classmate-1.7.1.jar:/home/usuario-t/.m2/repository/net/bytebuddy/byte-buddy/1.17.8/byte-buddy-1.17.8.jar:/home/usuario-t/.m2/repository/org/glassfish/jaxb/jaxb-runtime/4.0.6/jaxb-runtime-4.0.6.jar:/home/usuario-t/.m2/repository/org/glassfish/jaxb/jaxb-core/4.0.6/jaxb-core-4.0.6.jar:/home/usuario-t/.m2/repository/org/eclipse/angus/angus-activation/2.0.3/angus-activation-2.0.3.jar:/home/usuario-t/.m2/repository/org/glassfish/jaxb/txw2/4.0.6/txw2-4.0.6.jar:/home/usuario-t/.m2/repository/com/sun/istack/istack-commons-runtime/4.1.2/istack-commons-runtime-4.1.2.jar:/home/usuario-t/.m2/repository/jakarta/inject/jakarta.inject-api/2.0.1/jakarta.inject-api-2.0.1.jar:/home/usuario-t/.m2/repository/org/antlr/antlr4-runtime/4.13.0/antlr4-runtime-4.13.0.jar:/home/usuario-t/.m2/repository/org/springframework/boot/spring-boot-starter-oauth2-client/3.5.7/spring-boot-starter-oauth2-client-3.5.7.jar:/home/usuario-t/.m2/repository/org/springframework/security/spring-security-config/6.5.6/spring-security-config-6.5.6.jar:/home/usuario-t/.m2/repository/org/springframework/security/spring-security-core/6.5.6/spring-security-core-6.5.6.jar:/home/usuario-t/.m2/repository/org/springframework/security/spring-security-crypto/6.5.6/spring-security-crypto-6.5.6.jar:/home/usuario-t/.m2/repository/org/springframework/security/spring-security-oauth2-client/6.5.6/spring-security-oauth2-client-6.5.6.jar:/home/usuario-t/.m2/repository/org/springframework/security/spring-security-oauth2-core/6.5.6/spring-security-oauth2-core-6.5.6.jar:/home/usuario-t/.m2/repository/com/nimbusds/oauth2-oidc-sdk/9.43.6/oauth2-oidc-sdk-9.43.6.jar:/home/usuario-t/.m2/repository/com/github/stephenc/jcip/jcip-annotations/1.0-1/jcip-annotations-1.0-1.jar:/home/usuario-t/.m2/repository/com/nimbusds/content-type/2.2/content-type-2.2.jar:/home/usuario-t/.m2/repository/com/nimbusds/lang-tag/1.7/lang-tag-1.7.jar:/home/usuario-t/.m2/repository/org/springframework/security/spring-security-oauth2-jose/6.5.6/spring-security-oauth2-jose-6.5.6.jar:/home/usuario-t/.m2/repository/com/nimbusds/nimbus-jose-jwt/9.37.4/nimbus-jose-jwt-9.37.4.jar:/home/usuario-t/.m2/repository/org/springframework/boot/spring-boot-starter-security/3.5.7/spring-boot-starter-security-3.5.7.jar:/home/usuario-t/.m2/repository/org/springframework/spring-aop/6.2.12/spring-aop-6.2.12.jar:/home/usuario-t/.m2/repository/org/springframework/security/spring-security-web/6.5.6/spring-security-web-6.5.6.jar:/home/usuario-t/.m2/repository/io/jsonwebtoken/jjwt-api/0.12.6/jjwt-api-0.12.6.jar:/home/usuario-t/.m2/repository/io/jsonwebtoken/jjwt-impl/0.12.6/jjwt-impl-0.12.6.jar:/home/usuario-t/.m2/repository/io/jsonwebtoken/jjwt-jackson/0.12.6/jjwt-jackson-0.12.6.jar:/home/usuario-t/.m2/repository/com/fasterxml/jackson/core/jackson-databind/2.19.2/jackson-databind-2.19.2.jar:/home/usuario-t/.m2/repository/com/fasterxml/jackson/core/jackson-annotations/2.19.2/jackson-annotations-2.19.2.jar:/home/usuario-t/.m2/repository/com/fasterxml/jackson/core/jackson-core/2.19.2/jackson-core-2.19.2.jar:/snap/intellij-idea-community/685/lib/idea_rt.jar
Launcher Type: SUN_STANDARD

[Global flags]
     intx CICompilerCount                          = 4                                         {product} {ergonomic}
     uint ConcGCThreads                            = 2                                         {product} {ergonomic}
     uint G1ConcRefinementThreads                  = 8                                         {product} {ergonomic}
   size_t G1HeapRegionSize                         = 2097152                                   {product} {ergonomic}
   size_t InitialHeapSize                          = 220200960                                 {product} {ergonomic}
   size_t MarkStackSize                            = 4194304                                   {product} {ergonomic}
   size_t MarkStackSizeMax                         = 536870912                                 {product} {ergonomic}
   size_t MaxHeapSize                              = 3510632448                                {product} {ergonomic}
   size_t MaxNewSize                               = 2105540608                                {product} {ergonomic}
   size_t MinHeapDeltaBytes                        = 2097152                                   {product} {ergonomic}
   size_t MinHeapSize                              = 8388608                                   {product} {ergonomic}
    uintx NonNMethodCodeHeapSize                   = 5836800                                {pd product} {ergonomic}
    uintx NonProfiledCodeHeapSize                  = 122912768                              {pd product} {ergonomic}
    uintx ProfiledCodeHeapSize                     = 122908672                              {pd product} {ergonomic}
    uintx ReservedCodeCacheSize                    = 251658240                              {pd product} {ergonomic}
     bool SegmentedCodeCache                       = true                                      {product} {ergonomic}
   size_t SoftMaxHeapSize                          = 3510632448                             {manageable} {ergonomic}
     bool UseCompressedOops                        = true                           {product lp64_product} {ergonomic}
     bool UseG1GC                                  = true                                      {product} {ergonomic}

Logging:
Log output configuration:
 #0: stdout all=warning uptime,level,tags foldmultilines=false
 #1: stderr all=off uptime,level,tags foldmultilines=false

Release file:
IMPLEMENTOR="Oracle Corporation"
JAVA_RUNTIME_VERSION="25+36-3489"
JAVA_VERSION="25"
JAVA_VERSION_DATE="2025-09-16"
LIBC="gnu"
MODULES="java.base java.compiler java.datatransfer java.xml java.prefs java.desktop java.instrument java.logging java.management java.security.sasl java.naming java.rmi java.management.rmi java.net.http java.scripting java.security.jgss java.transaction.xa java.sql java.sql.rowset java.xml.crypto java.se java.smartcardio jdk.accessibility jdk.internal.jvmstat jdk.attach jdk.charsets jdk.internal.opt jdk.zipfs jdk.compiler jdk.crypto.cryptoki jdk.crypto.ec jdk.dynalink jdk.internal.ed jdk.editpad jdk.internal.vm.ci jdk.graal.compiler jdk.graal.compiler.management jdk.hotspot.agent jdk.httpserver jdk.incubator.vector jdk.internal.le jdk.internal.md jdk.jartool jdk.javadoc jdk.jcmd jdk.management jdk.management.agent jdk.jconsole jdk.jdeps jdk.jdwp.agent jdk.jdi jdk.jfr jdk.jlink jdk.jpackage jdk.jshell jdk.jsobject jdk.jstatd jdk.localedata jdk.management.jfr jdk.naming.dns jdk.naming.rmi jdk.net jdk.nio.mapmode jdk.sctp jdk.security.auth jdk.security.jgss jdk.unsupported jdk.unsupported.desktop jdk.xml.dom"
OS_ARCH="x86_64"
OS_NAME="Linux"
SOURCE=".:git:6c48f4ed707b"

Environment Variables:
JAVA_HOME=/usr/lib/jvm/java-21-openjdk-amd64
PATH=/opt/apache-maven-3.9.11/bin:/usr/local/sbin:/usr/local/bin:/usr/sbin:/usr/bin:/sbin:/bin:/usr/games:/usr/local/games:/snap/bin:/snap/bin
USERNAME=usuario-t
SHELL=/bin/bash
DISPLAY=:0
LANG=es_ES.UTF-8

Active Locale:
LC_ALL=es_ES.UTF-8
LC_COLLATE=es_ES.UTF-8
LC_CTYPE=es_ES.UTF-8
LC_MESSAGES=es_ES.UTF-8
LC_MONETARY=es_ES.UTF-8
LC_NUMERIC=es_ES.UTF-8
LC_TIME=es_ES.UTF-8

Signal Handlers:
   SIGSEGV: crash_handler in libjvm.so, mask=11100100010111111101111111111110, flags=SA_RESTART|SA_SIGINFO, unblocked
    SIGBUS: crash_handler in libjvm.so, mask=11100100010111111101111111111110, flags=SA_RESTART|SA_SIGINFO, unblocked
    SIGFPE: crash_handler in libjvm.so, mask=11100100010111111101111111111110, flags=SA_RESTART|SA_SIGINFO, unblocked
   SIGPIPE: javaSignalHandler in libjvm.so, mask=11100100010111111101111111111110, flags=SA_RESTART|SA_SIGINFO, blocked
   SIGXFSZ: javaSignalHandler in libjvm.so, mask=11100100010111111101111111111110, flags=SA_RESTART|SA_SIGINFO, blocked
    SIGILL: crash_handler in libjvm.so, mask=11100100010111111101111111111110, flags=SA_RESTART|SA_SIGINFO, unblocked
   SIGUSR2: SR_handler in libjvm.so, mask=00000000000000000000000000000000, flags=SA_RESTART|SA_SIGINFO, blocked
    SIGHUP: UserHandler in libjvm.so, mask=11100100010111111101111111111110, flags=SA_RESTART|SA_SIGINFO, blocked
    SIGINT: UserHandler in libjvm.so, mask=11100100010111111101111111111110, flags=SA_RESTART|SA_SIGINFO, blocked
   SIGTERM: UserHandler in libjvm.so, mask=11100100010111111101111111111110, flags=SA_RESTART|SA_SIGINFO, blocked
   SIGQUIT: UserHandler in libjvm.so, mask=11100100010111111101111111111110, flags=SA_RESTART|SA_SIGINFO, blocked
   SIGTRAP: crash_handler in libjvm.so, mask=11100100010111111101111111111110, flags=SA_RESTART|SA_SIGINFO, unblocked


Compilation memory statistics disabled.

Periodic native trim disabled

---------------  S Y S T E M  ---------------

OS:
DISTRIB_ID=Ubuntu
DISTRIB_RELEASE=25.04
DISTRIB_CODENAME=plucky
DISTRIB_DESCRIPTION="Ubuntu 25.04"
uname: Linux 6.14.0-37-generic #37-Ubuntu SMP PREEMPT_DYNAMIC Fri Nov 14 22:10:32 UTC 2025 x86_64
OS uptime: 0 days 0:42 hours
libc: glibc 2.41 NPTL 2.41 
rlimit (soft/hard): STACK 8192k/infinity , CORE 0k/infinity , NPROC 52881/52881 , NOFILE 1073741816/1073741816 , AS infinity/infinity , CPU infinity/infinity , DATA infinity/infinity , FSIZE infinity/infinity , MEMLOCK 1714100k/1714100k
load average: 0,64 1,43 1,54

/proc/meminfo:
MemTotal:       13712812 kB
MemFree:          926072 kB
MemAvailable:    6051232 kB
Buffers:          157536 kB
Cached:          6344756 kB
SwapCached:            0 kB
Active:         10103056 kB
Inactive:        1913092 kB
Active(anon):    6701312 kB
Inactive(anon):        0 kB
Active(file):    3401744 kB
Inactive(file):  1913092 kB
Unevictable:          48 kB
Mlocked:              48 kB
SwapTotal:       4194300 kB
SwapFree:        4194300 kB
Zswap:                 0 kB
Zswapped:              0 kB
Dirty:              1432 kB
Writeback:             0 kB
AnonPages:       5514132 kB
Mapped:          3137952 kB
Shmem:           1187720 kB
KReclaimable:     123004 kB
Slab:             393080 kB
SReclaimable:     123004 kB
SUnreclaim:       270076 kB
KernelStack:       22352 kB
PageTables:        79920 kB
SecPageTables:      2200 kB
NFS_Unstable:          0 kB
Bounce:                0 kB
WritebackTmp:          0 kB
CommitLimit:    11050704 kB
Committed_AS:   22079208 kB
VmallocTotal:   34359738367 kB
VmallocUsed:       79804 kB
VmallocChunk:          0 kB
Percpu:             6944 kB
HardwareCorrupted:     0 kB
AnonHugePages:         0 kB
ShmemHugePages:        0 kB
ShmemPmdMapped:        0 kB
FileHugePages:         0 kB
FilePmdMapped:         0 kB
Unaccepted:            0 kB
HugePages_Total:       0
HugePages_Free:        0
HugePages_Rsvd:        0
HugePages_Surp:        0
Hugepagesize:       2048 kB
Hugetlb:               0 kB
DirectMap4k:      376988 kB
DirectMap2M:    11083776 kB
DirectMap1G:     4194304 kB

/sys/kernel/mm/transparent_hugepage/enabled: always [madvise] never
/sys/kernel/mm/transparent_hugepage/hpage_pmd_size: 2097152
/sys/kernel/mm/transparent_hugepage/shmem_enabled: always within_size advise [never] deny force
/sys/kernel/mm/transparent_hugepage/defrag (defrag/compaction efforts parameter): always defer defer+madvise [madvise] never

Process Memory:
Virtual Size: 6564684K (peak: 6625668K)
Resident Set Size: 81256K (peak: 81256K) (anon: 54656K, file: 26568K, shmem: 32K)
Swapped out: 0K
C-Heap outstanding allocations: 36027K, retained: 5432K
glibc malloc tunables: (default)

/proc/sys/kernel/threads-max (system-wide limit on the number of threads): 105763
/proc/sys/vm/max_map_count (maximum number of memory map areas a process may have): 1048576
/proc/sys/vm/swappiness (control to define how aggressively the kernel swaps out anonymous memory): 60
/proc/sys/kernel/pid_max (system-wide limit on number of process identifiers): 4194304

container information not found.
Steal ticks since vm start: 0
Steal ticks percentage since vm start:  0,000

CPU: total 8 (initial active 8) (8 cores per cpu, 2 threads per core) family 23 model 24 stepping 1 microcode 0x8108109, cx8, cmov, fxsr, ht, mmx, 3dnowpref, sse, sse2, sse3, ssse3, sse4a, sse4.1, sse4.2, popcnt, lzcnt, tsc, tscinvbit, avx, avx2, aes, clmul, bmi1, bmi2, adx, sha, fma, vzeroupper, clflush, clflushopt, rdtscp, f16c
CPU Model and flags from /proc/cpuinfo:
model name	: AMD Ryzen 5 3400G with Radeon Vega Graphics
flags		: fpu vme de pse tsc msr pae mce cx8 apic sep mtrr pge mca cmov pat pse36 clflush mmx fxsr sse sse2 ht syscall nx mmxext fxsr_opt pdpe1gb rdtscp lm constant_tsc rep_good nopl nonstop_tsc cpuid extd_apicid aperfmperf rapl pni pclmulqdq monitor ssse3 fma cx16 sse4_1 sse4_2 movbe popcnt aes xsave avx f16c rdrand lahf_lm cmp_legacy svm extapic cr8_legacy abm sse4a misalignsse 3dnowprefetch osvw skinit wdt tce topoext perfctr_core perfctr_nb bpext perfctr_llc mwaitx cpb hw_pstate ssbd ibpb vmmcall fsgsbase bmi1 avx2 smep bmi2 rdseed adx smap clflushopt sha_ni xsaveopt xsavec xgetbv1 clzero xsaveerptr arat npt lbrv svm_lock nrip_save tsc_scale vmcb_clean flushbyasid decodeassists pausefilter pfthreshold avic v_vmsave_vmload vgif overflow_recov succor smca sev sev_es

Online cpus: 0-7
Offline cpus: 
BIOS frequency limitation: 3700000
Frequency switch latency (ns): 0
Available cpu frequencies: 3700000 2300000 1400000 
Current governor: schedutil
Core performance/turbo boost: 1

Memory: 4k page, physical 13712812k(6050712k free), swap 4194300k(4194300k free)
Page Sizes: 4k

vm_info: OpenJDK 64-Bit Server VM (25+36-3489) for linux-amd64 JRE (25+36-3489), built on 2025-08-12T17:19:28Z with gcc 14.2.0

END.
